-------------------------------------------------------------------------------
--- Testing Funny64 "FunnyHash for x86, 64-bit"

[[[ Avalanche Tests ]]]

Testing  24-bit keys ->  64-bit hashes,   300000 reps.......... worst bias is 0.708000%
Testing  32-bit keys ->  64-bit hashes,   300000 reps.......... worst bias is 0.834000%
Testing  40-bit keys ->  64-bit hashes,   300000 reps.......... worst bias is 0.670000%
Testing  48-bit keys ->  64-bit hashes,   300000 reps.......... worst bias is 0.643333%
Testing  56-bit keys ->  64-bit hashes,   300000 reps.......... worst bias is 0.613333%
Testing  64-bit keys ->  64-bit hashes,   300000 reps.......... worst bias is 0.784000%
Testing  72-bit keys ->  64-bit hashes,   300000 reps.......... worst bias is 0.616667%
Testing  80-bit keys ->  64-bit hashes,   300000 reps.......... worst bias is 0.788000%
Testing  88-bit keys ->  64-bit hashes,   300000 reps.......... worst bias is 0.711333%
Testing  96-bit keys ->  64-bit hashes,   300000 reps.......... worst bias is 0.658000%
Testing 104-bit keys ->  64-bit hashes,   300000 reps.......... worst bias is 0.698667%
Testing 112-bit keys ->  64-bit hashes,   300000 reps.......... worst bias is 0.698667%
Testing 120-bit keys ->  64-bit hashes,   300000 reps.......... worst bias is 0.643333%
Testing 128-bit keys ->  64-bit hashes,   300000 reps.......... worst bias is 0.704667%
Testing 136-bit keys ->  64-bit hashes,   300000 reps.......... worst bias is 0.681333%
Testing 144-bit keys ->  64-bit hashes,   300000 reps.......... worst bias is 0.704667%
Testing 152-bit keys ->  64-bit hashes,   300000 reps.......... worst bias is 0.807333%


Input vcode 0x00000001, Output vcode 0x00000001, Result vcode 0x00000001
Verification value is 0x00000001 - Testing took 119.559962 seconds
-------------------------------------------------------------------------------
