-------------------------------------------------------------------------------
--- Testing Funny64 "FunnyHash for x86, 64-bit"

[[[ Avalanche Tests ]]]

Testing  24-bit keys ->  64-bit hashes,   300000 reps.......... worst bias is 0.680000%
Testing  32-bit keys ->  64-bit hashes,   300000 reps.......... worst bias is 0.623333%
Testing  40-bit keys ->  64-bit hashes,   300000 reps.......... worst bias is 0.731333%
Testing  48-bit keys ->  64-bit hashes,   300000 reps.......... worst bias is 0.618667%
Testing  56-bit keys ->  64-bit hashes,   300000 reps.......... worst bias is 0.636000%
Testing  64-bit keys ->  64-bit hashes,   300000 reps.......... worst bias is 0.660667%
Testing  72-bit keys ->  64-bit hashes,   300000 reps.......... worst bias is 0.660667%
Testing  80-bit keys ->  64-bit hashes,   300000 reps.......... worst bias is 0.778000%
Testing  88-bit keys ->  64-bit hashes,   300000 reps.......... worst bias is 0.703333%
Testing  96-bit keys ->  64-bit hashes,   300000 reps.......... worst bias is 0.665333%
Testing 104-bit keys ->  64-bit hashes,   300000 reps.......... worst bias is 0.754667%
Testing 112-bit keys ->  64-bit hashes,   300000 reps.......... worst bias is 0.633333%
Testing 120-bit keys ->  64-bit hashes,   300000 reps.......... worst bias is 0.707333%
Testing 128-bit keys ->  64-bit hashes,   300000 reps.......... worst bias is 0.702667%
Testing 136-bit keys ->  64-bit hashes,   300000 reps.......... worst bias is 0.666667%
Testing 144-bit keys ->  64-bit hashes,   300000 reps.......... worst bias is 0.754000%
Testing 152-bit keys ->  64-bit hashes,   300000 reps.......... worst bias is 0.754667%


Input vcode 0x00000001, Output vcode 0x00000001, Result vcode 0x00000001
Verification value is 0x00000001 - Testing took 106.561349 seconds
-------------------------------------------------------------------------------
