-------------------------------------------------------------------------------
--- Testing Funny64 "FunnyHash for x86, 64-bit"

[[[ Avalanche Tests ]]]

Testing  24-bit keys ->  64-bit hashes,   300000 reps.......... worst bias is 0.774000%
Testing  32-bit keys ->  64-bit hashes,   300000 reps.......... worst bias is 0.698000%
Testing  40-bit keys ->  64-bit hashes,   300000 reps.......... worst bias is 0.682667%
Testing  48-bit keys ->  64-bit hashes,   300000 reps.......... worst bias is 0.677333%
Testing  56-bit keys ->  64-bit hashes,   300000 reps.......... worst bias is 0.649333%
Testing  64-bit keys ->  64-bit hashes,   300000 reps.......... worst bias is 0.724000%
Testing  72-bit keys ->  64-bit hashes,   300000 reps.......... worst bias is 0.696667%
Testing  80-bit keys ->  64-bit hashes,   300000 reps.......... worst bias is 0.665333%
Testing  88-bit keys ->  64-bit hashes,   300000 reps.......... worst bias is 0.702667%
Testing  96-bit keys ->  64-bit hashes,   300000 reps.......... worst bias is 0.687333%
Testing 104-bit keys ->  64-bit hashes,   300000 reps.......... worst bias is 0.702667%
Testing 112-bit keys ->  64-bit hashes,   300000 reps.......... worst bias is 0.718667%
Testing 120-bit keys ->  64-bit hashes,   300000 reps.......... worst bias is 0.676000%
Testing 128-bit keys ->  64-bit hashes,   300000 reps.......... worst bias is 0.841333%
Testing 136-bit keys ->  64-bit hashes,   300000 reps.......... worst bias is 0.782000%
Testing 144-bit keys ->  64-bit hashes,   300000 reps.......... worst bias is 0.700000%
Testing 152-bit keys ->  64-bit hashes,   300000 reps.......... worst bias is 0.705333%


Input vcode 0x00000001, Output vcode 0x00000001, Result vcode 0x00000001
Verification value is 0x00000001 - Testing took 137.247842 seconds
-------------------------------------------------------------------------------
