-------------------------------------------------------------------------------
--- Testing Funny64 "FunnyHash for x86, 64-bit"

[[[ Avalanche Tests ]]]

Testing  24-bit keys ->  64-bit hashes,   300000 reps.......... worst bias is 0.656000%
Testing  32-bit keys ->  64-bit hashes,   300000 reps.......... worst bias is 0.625333%
Testing  40-bit keys ->  64-bit hashes,   300000 reps.......... worst bias is 0.822667%
Testing  48-bit keys ->  64-bit hashes,   300000 reps.......... worst bias is 0.674667%
Testing  56-bit keys ->  64-bit hashes,   300000 reps.......... worst bias is 0.684667%
Testing  64-bit keys ->  64-bit hashes,   300000 reps.......... worst bias is 0.653333%
Testing  72-bit keys ->  64-bit hashes,   300000 reps.......... worst bias is 0.619333%
Testing  80-bit keys ->  64-bit hashes,   300000 reps.......... worst bias is 0.656667%
Testing  88-bit keys ->  64-bit hashes,   300000 reps.......... worst bias is 0.618667%
Testing  96-bit keys ->  64-bit hashes,   300000 reps.......... worst bias is 0.814667%
Testing 104-bit keys ->  64-bit hashes,   300000 reps.......... worst bias is 0.725333%
Testing 112-bit keys ->  64-bit hashes,   300000 reps.......... worst bias is 0.690667%
Testing 120-bit keys ->  64-bit hashes,   300000 reps.......... worst bias is 0.695333%
Testing 128-bit keys ->  64-bit hashes,   300000 reps.......... worst bias is 0.726667%
Testing 136-bit keys ->  64-bit hashes,   300000 reps.......... worst bias is 0.732667%
Testing 144-bit keys ->  64-bit hashes,   300000 reps.......... worst bias is 0.682667%
Testing 152-bit keys ->  64-bit hashes,   300000 reps.......... worst bias is 0.660000%


Input vcode 0x00000001, Output vcode 0x00000001, Result vcode 0x00000001
Verification value is 0x00000001 - Testing took 134.340510 seconds
-------------------------------------------------------------------------------
