-------------------------------------------------------------------------------
--- Testing Funny64 "FunnyHash for x86, 64-bit"

[[[ Avalanche Tests ]]]

Testing  24-bit keys ->  64-bit hashes,   300000 reps.......... worst bias is 0.668000%
Testing  32-bit keys ->  64-bit hashes,   300000 reps.......... worst bias is 0.668000%
Testing  40-bit keys ->  64-bit hashes,   300000 reps.......... worst bias is 0.861333%
Testing  48-bit keys ->  64-bit hashes,   300000 reps.......... worst bias is 0.671333%
Testing  56-bit keys ->  64-bit hashes,   300000 reps.......... worst bias is 0.754667%
Testing  64-bit keys ->  64-bit hashes,   300000 reps.......... worst bias is 0.590000%
Testing  72-bit keys ->  64-bit hashes,   300000 reps.......... worst bias is 0.613333%
Testing  80-bit keys ->  64-bit hashes,   300000 reps.......... worst bias is 0.669333%
Testing  88-bit keys ->  64-bit hashes,   300000 reps.......... worst bias is 0.622000%
Testing  96-bit keys ->  64-bit hashes,   300000 reps.......... worst bias is 0.696667%
Testing 104-bit keys ->  64-bit hashes,   300000 reps.......... worst bias is 0.861333%
Testing 112-bit keys ->  64-bit hashes,   300000 reps.......... worst bias is 0.866667%
Testing 120-bit keys ->  64-bit hashes,   300000 reps.......... worst bias is 0.692000%
Testing 128-bit keys ->  64-bit hashes,   300000 reps.......... worst bias is 0.792667%
Testing 136-bit keys ->  64-bit hashes,   300000 reps.......... worst bias is 0.736667%
Testing 144-bit keys ->  64-bit hashes,   300000 reps.......... worst bias is 0.700667%
Testing 152-bit keys ->  64-bit hashes,   300000 reps.......... worst bias is 0.710667%


Input vcode 0x00000001, Output vcode 0x00000001, Result vcode 0x00000001
Verification value is 0x00000001 - Testing took 107.606987 seconds
-------------------------------------------------------------------------------
