-------------------------------------------------------------------------------
--- Testing Funny64 "FunnyHash for x86, 64-bit"

[[[ Avalanche Tests ]]]

Testing  24-bit keys ->  64-bit hashes,   300000 reps.......... worst bias is 0.670000%
Testing  32-bit keys ->  64-bit hashes,   300000 reps.......... worst bias is 0.766000%
Testing  40-bit keys ->  64-bit hashes,   300000 reps.......... worst bias is 0.663333%
Testing  48-bit keys ->  64-bit hashes,   300000 reps.......... worst bias is 0.596667%
Testing  56-bit keys ->  64-bit hashes,   300000 reps.......... worst bias is 0.668000%
Testing  64-bit keys ->  64-bit hashes,   300000 reps.......... worst bias is 0.692000%
Testing  72-bit keys ->  64-bit hashes,   300000 reps.......... worst bias is 0.677333%
Testing  80-bit keys ->  64-bit hashes,   300000 reps.......... worst bias is 0.742667%
Testing  88-bit keys ->  64-bit hashes,   300000 reps.......... worst bias is 0.684000%
Testing  96-bit keys ->  64-bit hashes,   300000 reps.......... worst bias is 0.648000%
Testing 104-bit keys ->  64-bit hashes,   300000 reps.......... worst bias is 0.816667%
Testing 112-bit keys ->  64-bit hashes,   300000 reps.......... worst bias is 0.702000%
Testing 120-bit keys ->  64-bit hashes,   300000 reps.......... worst bias is 0.748667%
Testing 128-bit keys ->  64-bit hashes,   300000 reps.......... worst bias is 0.610667%
Testing 136-bit keys ->  64-bit hashes,   300000 reps.......... worst bias is 0.686667%
Testing 144-bit keys ->  64-bit hashes,   300000 reps.......... worst bias is 0.719333%
Testing 152-bit keys ->  64-bit hashes,   300000 reps.......... worst bias is 0.700000%


Input vcode 0x00000001, Output vcode 0x00000001, Result vcode 0x00000001
Verification value is 0x00000001 - Testing took 150.687387 seconds
-------------------------------------------------------------------------------
