-------------------------------------------------------------------------------
--- Testing Funny64 "FunnyHash for x86, 64-bit"

[[[ Avalanche Tests ]]]

Testing  24-bit keys ->  64-bit hashes,   300000 reps.......... worst bias is 0.670667%
Testing  32-bit keys ->  64-bit hashes,   300000 reps.......... worst bias is 0.668667%
Testing  40-bit keys ->  64-bit hashes,   300000 reps.......... worst bias is 0.650000%
Testing  48-bit keys ->  64-bit hashes,   300000 reps.......... worst bias is 0.636000%
Testing  56-bit keys ->  64-bit hashes,   300000 reps.......... worst bias is 0.651333%
Testing  64-bit keys ->  64-bit hashes,   300000 reps.......... worst bias is 0.664000%
Testing  72-bit keys ->  64-bit hashes,   300000 reps.......... worst bias is 0.793333%
Testing  80-bit keys ->  64-bit hashes,   300000 reps.......... worst bias is 0.712667%
Testing  88-bit keys ->  64-bit hashes,   300000 reps.......... worst bias is 0.718667%
Testing  96-bit keys ->  64-bit hashes,   300000 reps.......... worst bias is 0.650000%
Testing 104-bit keys ->  64-bit hashes,   300000 reps.......... worst bias is 0.652000%
Testing 112-bit keys ->  64-bit hashes,   300000 reps.......... worst bias is 0.684667%
Testing 120-bit keys ->  64-bit hashes,   300000 reps.......... worst bias is 0.676000%
Testing 128-bit keys ->  64-bit hashes,   300000 reps.......... worst bias is 0.720000%
Testing 136-bit keys ->  64-bit hashes,   300000 reps.......... worst bias is 0.710000%
Testing 144-bit keys ->  64-bit hashes,   300000 reps.......... worst bias is 0.670000%
Testing 152-bit keys ->  64-bit hashes,   300000 reps.......... worst bias is 0.652667%


Input vcode 0x00000001, Output vcode 0x00000001, Result vcode 0x00000001
Verification value is 0x00000001 - Testing took 106.605878 seconds
-------------------------------------------------------------------------------
