-------------------------------------------------------------------------------
--- Testing Funny64 "FunnyHash for x86, 64-bit"

[[[ Avalanche Tests ]]]

Testing  24-bit keys ->  64-bit hashes,   300000 reps.......... worst bias is 0.707333%
Testing  32-bit keys ->  64-bit hashes,   300000 reps.......... worst bias is 0.604667%
Testing  40-bit keys ->  64-bit hashes,   300000 reps.......... worst bias is 0.671333%
Testing  48-bit keys ->  64-bit hashes,   300000 reps.......... worst bias is 0.878667%
Testing  56-bit keys ->  64-bit hashes,   300000 reps.......... worst bias is 0.650000%
Testing  64-bit keys ->  64-bit hashes,   300000 reps.......... worst bias is 0.677333%
Testing  72-bit keys ->  64-bit hashes,   300000 reps.......... worst bias is 0.696000%
Testing  80-bit keys ->  64-bit hashes,   300000 reps.......... worst bias is 0.648000%
Testing  88-bit keys ->  64-bit hashes,   300000 reps.......... worst bias is 0.726667%
Testing  96-bit keys ->  64-bit hashes,   300000 reps.......... worst bias is 0.694000%
Testing 104-bit keys ->  64-bit hashes,   300000 reps.......... worst bias is 0.766667%
Testing 112-bit keys ->  64-bit hashes,   300000 reps.......... worst bias is 0.743333%
Testing 120-bit keys ->  64-bit hashes,   300000 reps.......... worst bias is 0.772667%
Testing 128-bit keys ->  64-bit hashes,   300000 reps.......... worst bias is 0.709333%
Testing 136-bit keys ->  64-bit hashes,   300000 reps.......... worst bias is 0.726000%
Testing 144-bit keys ->  64-bit hashes,   300000 reps.......... worst bias is 0.726667%
Testing 152-bit keys ->  64-bit hashes,   300000 reps.......... worst bias is 0.721333%


Input vcode 0x00000001, Output vcode 0x00000001, Result vcode 0x00000001
Verification value is 0x00000001 - Testing took 107.955088 seconds
-------------------------------------------------------------------------------
