-------------------------------------------------------------------------------
--- Testing Funny64 "FunnyHash for x86, 64-bit"

[[[ Avalanche Tests ]]]

Testing  24-bit keys ->  64-bit hashes,   300000 reps.......... worst bias is 0.680000%
Testing  32-bit keys ->  64-bit hashes,   300000 reps.......... worst bias is 0.623333%
Testing  40-bit keys ->  64-bit hashes,   300000 reps.......... worst bias is 0.644667%
Testing  48-bit keys ->  64-bit hashes,   300000 reps.......... worst bias is 0.769333%
Testing  56-bit keys ->  64-bit hashes,   300000 reps.......... worst bias is 0.807333%
Testing  64-bit keys ->  64-bit hashes,   300000 reps.......... worst bias is 0.768667%
Testing  72-bit keys ->  64-bit hashes,   300000 reps.......... worst bias is 0.714000%
Testing  80-bit keys ->  64-bit hashes,   300000 reps.......... worst bias is 0.670000%
Testing  88-bit keys ->  64-bit hashes,   300000 reps.......... worst bias is 0.746000%
Testing  96-bit keys ->  64-bit hashes,   300000 reps.......... worst bias is 0.654000%
Testing 104-bit keys ->  64-bit hashes,   300000 reps.......... worst bias is 0.771333%
Testing 112-bit keys ->  64-bit hashes,   300000 reps.......... worst bias is 0.684000%
Testing 120-bit keys ->  64-bit hashes,   300000 reps.......... worst bias is 0.724667%
Testing 128-bit keys ->  64-bit hashes,   300000 reps.......... worst bias is 0.756000%
Testing 136-bit keys ->  64-bit hashes,   300000 reps.......... worst bias is 0.788667%
Testing 144-bit keys ->  64-bit hashes,   300000 reps.......... worst bias is 0.718667%
Testing 152-bit keys ->  64-bit hashes,   300000 reps.......... worst bias is 0.720000%


Input vcode 0x00000001, Output vcode 0x00000001, Result vcode 0x00000001
Verification value is 0x00000001 - Testing took 106.715819 seconds
-------------------------------------------------------------------------------
