-------------------------------------------------------------------------------
--- Testing Funny32 "FunnyHash for x86, 32-bit"

[[[ Avalanche Tests ]]]

Testing  24-bit keys ->  32-bit hashes,   300000 reps.......... worst bias is 0.597333%
Testing  32-bit keys ->  32-bit hashes,   300000 reps.......... worst bias is 0.676667%
Testing  40-bit keys ->  32-bit hashes,   300000 reps.......... worst bias is 0.654667%
Testing  48-bit keys ->  32-bit hashes,   300000 reps.......... worst bias is 0.696000%
Testing  56-bit keys ->  32-bit hashes,   300000 reps.......... worst bias is 0.790000%
Testing  64-bit keys ->  32-bit hashes,   300000 reps.......... worst bias is 0.754667%
Testing  72-bit keys ->  32-bit hashes,   300000 reps.......... worst bias is 0.692000%
Testing  80-bit keys ->  32-bit hashes,   300000 reps.......... worst bias is 0.655333%
Testing  88-bit keys ->  32-bit hashes,   300000 reps.......... worst bias is 0.685333%
Testing  96-bit keys ->  32-bit hashes,   300000 reps.......... worst bias is 0.636000%
Testing 104-bit keys ->  32-bit hashes,   300000 reps.......... worst bias is 0.692000%
Testing 112-bit keys ->  32-bit hashes,   300000 reps.......... worst bias is 0.648000%
Testing 120-bit keys ->  32-bit hashes,   300000 reps.......... worst bias is 0.730667%
Testing 128-bit keys ->  32-bit hashes,   300000 reps.......... worst bias is 0.664000%
Testing 136-bit keys ->  32-bit hashes,   300000 reps.......... worst bias is 0.662000%
Testing 144-bit keys ->  32-bit hashes,   300000 reps.......... worst bias is 0.561333%
Testing 152-bit keys ->  32-bit hashes,   300000 reps.......... worst bias is 0.684667%


Input vcode 0x82bb3ce7, Output vcode 0x6281c57b, Result vcode 0x00000001
Verification value is 0x00000001 - Testing took 91.987545 seconds
-------------------------------------------------------------------------------
