-------------------------------------------------------------------------------
--- Testing Funny64 "FunnyHash for x86, 64-bit"

[[[ Avalanche Tests ]]]

Testing  24-bit keys ->  64-bit hashes,   300000 reps.......... worst bias is 0.688667%
Testing  32-bit keys ->  64-bit hashes,   300000 reps.......... worst bias is 0.726000%
Testing  40-bit keys ->  64-bit hashes,   300000 reps.......... worst bias is 0.608667%
Testing  48-bit keys ->  64-bit hashes,   300000 reps.......... worst bias is 0.626000%
Testing  56-bit keys ->  64-bit hashes,   300000 reps.......... worst bias is 0.676000%
Testing  64-bit keys ->  64-bit hashes,   300000 reps.......... worst bias is 0.701333%
Testing  72-bit keys ->  64-bit hashes,   300000 reps.......... worst bias is 0.744000%
Testing  80-bit keys ->  64-bit hashes,   300000 reps.......... worst bias is 0.764000%
Testing  88-bit keys ->  64-bit hashes,   300000 reps.......... worst bias is 0.775333%
Testing  96-bit keys ->  64-bit hashes,   300000 reps.......... worst bias is 0.662667%
Testing 104-bit keys ->  64-bit hashes,   300000 reps.......... worst bias is 0.655333%
Testing 112-bit keys ->  64-bit hashes,   300000 reps.......... worst bias is 0.744000%
Testing 120-bit keys ->  64-bit hashes,   300000 reps.......... worst bias is 0.736667%
Testing 128-bit keys ->  64-bit hashes,   300000 reps.......... worst bias is 0.678667%
Testing 136-bit keys ->  64-bit hashes,   300000 reps.......... worst bias is 0.713333%
Testing 144-bit keys ->  64-bit hashes,   300000 reps.......... worst bias is 0.675333%
Testing 152-bit keys ->  64-bit hashes,   300000 reps.......... worst bias is 0.765333%


Input vcode 0x00000001, Output vcode 0x00000001, Result vcode 0x00000001
Verification value is 0x00000001 - Testing took 106.558185 seconds
-------------------------------------------------------------------------------
