-------------------------------------------------------------------------------
--- Testing Funny32 "FunnyHash for x86, 32-bit"

[[[ Avalanche Tests ]]]

Testing  24-bit keys ->  32-bit hashes,   300000 reps.......... worst bias is 0.594000%
Testing  32-bit keys ->  32-bit hashes,   300000 reps.......... worst bias is 0.646667%
Testing  40-bit keys ->  32-bit hashes,   300000 reps.......... worst bias is 0.726000%
Testing  48-bit keys ->  32-bit hashes,   300000 reps.......... worst bias is 0.606667%
Testing  56-bit keys ->  32-bit hashes,   300000 reps.......... worst bias is 0.607333%
Testing  64-bit keys ->  32-bit hashes,   300000 reps.......... worst bias is 0.657333%
Testing  72-bit keys ->  32-bit hashes,   300000 reps.......... worst bias is 0.681333%
Testing  80-bit keys ->  32-bit hashes,   300000 reps.......... worst bias is 0.665333%
Testing  88-bit keys ->  32-bit hashes,   300000 reps.......... worst bias is 0.784667%
Testing  96-bit keys ->  32-bit hashes,   300000 reps.......... worst bias is 0.726000%
Testing 104-bit keys ->  32-bit hashes,   300000 reps.......... worst bias is 0.733333%
Testing 112-bit keys ->  32-bit hashes,   300000 reps.......... worst bias is 0.766667%
Testing 120-bit keys ->  32-bit hashes,   300000 reps.......... worst bias is 0.656000%
Testing 128-bit keys ->  32-bit hashes,   300000 reps.......... worst bias is 0.693333%
Testing 136-bit keys ->  32-bit hashes,   300000 reps.......... worst bias is 0.706667%
Testing 144-bit keys ->  32-bit hashes,   300000 reps.......... worst bias is 0.681333%
Testing 152-bit keys ->  32-bit hashes,   300000 reps.......... worst bias is 0.640667%


Input vcode 0x82bb3ce7, Output vcode 0x7c701f2d, Result vcode 0x00000001
Verification value is 0x00000001 - Testing took 91.691870 seconds
-------------------------------------------------------------------------------
