-------------------------------------------------------------------------------
--- Testing Funny64 "FunnyHash for x86, 64-bit"

[[[ Avalanche Tests ]]]

Testing  24-bit keys ->  64-bit hashes,   300000 reps.......... worst bias is 0.695333%
Testing  32-bit keys ->  64-bit hashes,   300000 reps.......... worst bias is 0.634667%
Testing  40-bit keys ->  64-bit hashes,   300000 reps.......... worst bias is 0.690000%
Testing  48-bit keys ->  64-bit hashes,   300000 reps.......... worst bias is 0.572667%
Testing  56-bit keys ->  64-bit hashes,   300000 reps.......... worst bias is 0.683333%
Testing  64-bit keys ->  64-bit hashes,   300000 reps.......... worst bias is 0.720667%
Testing  72-bit keys ->  64-bit hashes,   300000 reps.......... worst bias is 0.642000%
Testing  80-bit keys ->  64-bit hashes,   300000 reps.......... worst bias is 0.762000%
Testing  88-bit keys ->  64-bit hashes,   300000 reps.......... worst bias is 0.642667%
Testing  96-bit keys ->  64-bit hashes,   300000 reps.......... worst bias is 0.715333%
Testing 104-bit keys ->  64-bit hashes,   300000 reps.......... worst bias is 0.696667%
Testing 112-bit keys ->  64-bit hashes,   300000 reps.......... worst bias is 0.729333%
Testing 120-bit keys ->  64-bit hashes,   300000 reps.......... worst bias is 0.737333%
Testing 128-bit keys ->  64-bit hashes,   300000 reps.......... worst bias is 0.798000%
Testing 136-bit keys ->  64-bit hashes,   300000 reps.......... worst bias is 0.726000%
Testing 144-bit keys ->  64-bit hashes,   300000 reps.......... worst bias is 0.703333%
Testing 152-bit keys ->  64-bit hashes,   300000 reps.......... worst bias is 0.734000%


Input vcode 0x00000001, Output vcode 0x00000001, Result vcode 0x00000001
Verification value is 0x00000001 - Testing took 107.542865 seconds
-------------------------------------------------------------------------------
