-------------------------------------------------------------------------------
--- Testing Funny64 "FunnyHash for x86, 64-bit"

[[[ Avalanche Tests ]]]

Testing  24-bit keys ->  64-bit hashes,   300000 reps.......... worst bias is 0.666000%
Testing  32-bit keys ->  64-bit hashes,   300000 reps.......... worst bias is 0.624000%
Testing  40-bit keys ->  64-bit hashes,   300000 reps.......... worst bias is 0.747333%
Testing  48-bit keys ->  64-bit hashes,   300000 reps.......... worst bias is 0.734667%
Testing  56-bit keys ->  64-bit hashes,   300000 reps.......... worst bias is 0.709333%
Testing  64-bit keys ->  64-bit hashes,   300000 reps.......... worst bias is 0.694667%
Testing  72-bit keys ->  64-bit hashes,   300000 reps.......... worst bias is 0.742000%
Testing  80-bit keys ->  64-bit hashes,   300000 reps.......... worst bias is 0.699333%
Testing  88-bit keys ->  64-bit hashes,   300000 reps.......... worst bias is 0.770000%
Testing  96-bit keys ->  64-bit hashes,   300000 reps.......... worst bias is 0.684667%
Testing 104-bit keys ->  64-bit hashes,   300000 reps.......... worst bias is 0.626000%
Testing 112-bit keys ->  64-bit hashes,   300000 reps.......... worst bias is 0.719333%
Testing 120-bit keys ->  64-bit hashes,   300000 reps.......... worst bias is 0.688000%
Testing 128-bit keys ->  64-bit hashes,   300000 reps.......... worst bias is 0.736667%
Testing 136-bit keys ->  64-bit hashes,   300000 reps.......... worst bias is 0.735333%
Testing 144-bit keys ->  64-bit hashes,   300000 reps.......... worst bias is 0.620667%
Testing 152-bit keys ->  64-bit hashes,   300000 reps.......... worst bias is 0.712000%


Input vcode 0x00000001, Output vcode 0x00000001, Result vcode 0x00000001
Verification value is 0x00000001 - Testing took 134.019875 seconds
-------------------------------------------------------------------------------
