-------------------------------------------------------------------------------
--- Testing Funny64 "FunnyHash for x86, 64-bit"

[[[ Avalanche Tests ]]]

Testing  24-bit keys ->  64-bit hashes,   300000 reps.......... worst bias is 0.598000%
Testing  32-bit keys ->  64-bit hashes,   300000 reps.......... worst bias is 0.613333%
Testing  40-bit keys ->  64-bit hashes,   300000 reps.......... worst bias is 0.643333%
Testing  48-bit keys ->  64-bit hashes,   300000 reps.......... worst bias is 0.678000%
Testing  56-bit keys ->  64-bit hashes,   300000 reps.......... worst bias is 0.684667%
Testing  64-bit keys ->  64-bit hashes,   300000 reps.......... worst bias is 0.711333%
Testing  72-bit keys ->  64-bit hashes,   300000 reps.......... worst bias is 0.751333%
Testing  80-bit keys ->  64-bit hashes,   300000 reps.......... worst bias is 0.832000%
Testing  88-bit keys ->  64-bit hashes,   300000 reps.......... worst bias is 0.678000%
Testing  96-bit keys ->  64-bit hashes,   300000 reps.......... worst bias is 0.714667%
Testing 104-bit keys ->  64-bit hashes,   300000 reps.......... worst bias is 0.714000%
Testing 112-bit keys ->  64-bit hashes,   300000 reps.......... worst bias is 0.643333%
Testing 120-bit keys ->  64-bit hashes,   300000 reps.......... worst bias is 0.649333%
Testing 128-bit keys ->  64-bit hashes,   300000 reps.......... worst bias is 0.756667%
Testing 136-bit keys ->  64-bit hashes,   300000 reps.......... worst bias is 0.823333%
Testing 144-bit keys ->  64-bit hashes,   300000 reps.......... worst bias is 0.826000%
Testing 152-bit keys ->  64-bit hashes,   300000 reps.......... worst bias is 0.692667%


Input vcode 0x00000001, Output vcode 0x00000001, Result vcode 0x00000001
Verification value is 0x00000001 - Testing took 106.777718 seconds
-------------------------------------------------------------------------------
