-------------------------------------------------------------------------------
--- Testing Funny32 "FunnyHash for x86, 32-bit"

[[[ Avalanche Tests ]]]

Testing  24-bit keys ->  32-bit hashes,   300000 reps.......... worst bias is 0.526667%
Testing  32-bit keys ->  32-bit hashes,   300000 reps.......... worst bias is 0.606667%
Testing  40-bit keys ->  32-bit hashes,   300000 reps.......... worst bias is 0.664000%
Testing  48-bit keys ->  32-bit hashes,   300000 reps.......... worst bias is 0.651333%
Testing  56-bit keys ->  32-bit hashes,   300000 reps.......... worst bias is 0.676000%
Testing  64-bit keys ->  32-bit hashes,   300000 reps.......... worst bias is 0.732000%
Testing  72-bit keys ->  32-bit hashes,   300000 reps.......... worst bias is 0.651333%
Testing  80-bit keys ->  32-bit hashes,   300000 reps.......... worst bias is 0.597333%
Testing  88-bit keys ->  32-bit hashes,   300000 reps.......... worst bias is 0.664000%
Testing  96-bit keys ->  32-bit hashes,   300000 reps.......... worst bias is 0.657333%
Testing 104-bit keys ->  32-bit hashes,   300000 reps.......... worst bias is 0.620000%
Testing 112-bit keys ->  32-bit hashes,   300000 reps.......... worst bias is 0.741333%
Testing 120-bit keys ->  32-bit hashes,   300000 reps.......... worst bias is 0.687333%
Testing 128-bit keys ->  32-bit hashes,   300000 reps.......... worst bias is 0.692000%
Testing 136-bit keys ->  32-bit hashes,   300000 reps.......... worst bias is 0.716667%
Testing 144-bit keys ->  32-bit hashes,   300000 reps.......... worst bias is 0.685333%
Testing 152-bit keys ->  32-bit hashes,   300000 reps.......... worst bias is 0.623333%


Input vcode 0x82bb3ce7, Output vcode 0x0b66226d, Result vcode 0x00000001
Verification value is 0x00000001 - Testing took 91.750308 seconds
-------------------------------------------------------------------------------
