-------------------------------------------------------------------------------
--- Testing Funny64 "FunnyHash for x86, 64-bit"

[[[ Avalanche Tests ]]]

Testing  24-bit keys ->  64-bit hashes,   300000 reps.......... worst bias is 0.739333%
Testing  32-bit keys ->  64-bit hashes,   300000 reps.......... worst bias is 0.750000%
Testing  40-bit keys ->  64-bit hashes,   300000 reps.......... worst bias is 0.704000%
Testing  48-bit keys ->  64-bit hashes,   300000 reps.......... worst bias is 0.860667%
Testing  56-bit keys ->  64-bit hashes,   300000 reps.......... worst bias is 0.795333%
Testing  64-bit keys ->  64-bit hashes,   300000 reps.......... worst bias is 0.658667%
Testing  72-bit keys ->  64-bit hashes,   300000 reps.......... worst bias is 0.672000%
Testing  80-bit keys ->  64-bit hashes,   300000 reps.......... worst bias is 0.625333%
Testing  88-bit keys ->  64-bit hashes,   300000 reps.......... worst bias is 0.708667%
Testing  96-bit keys ->  64-bit hashes,   300000 reps.......... worst bias is 0.666667%
Testing 104-bit keys ->  64-bit hashes,   300000 reps.......... worst bias is 0.662667%
Testing 112-bit keys ->  64-bit hashes,   300000 reps.......... worst bias is 0.714667%
Testing 120-bit keys ->  64-bit hashes,   300000 reps.......... worst bias is 0.783333%
Testing 128-bit keys ->  64-bit hashes,   300000 reps.......... worst bias is 0.680000%
Testing 136-bit keys ->  64-bit hashes,   300000 reps.......... worst bias is 0.812667%
Testing 144-bit keys ->  64-bit hashes,   300000 reps.......... worst bias is 0.710667%
Testing 152-bit keys ->  64-bit hashes,   300000 reps.......... worst bias is 0.718000%


Input vcode 0x00000001, Output vcode 0x00000001, Result vcode 0x00000001
Verification value is 0x00000001 - Testing took 106.572975 seconds
-------------------------------------------------------------------------------
