-------------------------------------------------------------------------------
--- Testing Funny64 "FunnyHash for x86, 64-bit"

[[[ Avalanche Tests ]]]

Testing  24-bit keys ->  64-bit hashes,   300000 reps.......... worst bias is 0.666000%
Testing  32-bit keys ->  64-bit hashes,   300000 reps.......... worst bias is 0.624000%
Testing  40-bit keys ->  64-bit hashes,   300000 reps.......... worst bias is 0.662000%
Testing  48-bit keys ->  64-bit hashes,   300000 reps.......... worst bias is 0.694000%
Testing  56-bit keys ->  64-bit hashes,   300000 reps.......... worst bias is 0.648667%
Testing  64-bit keys ->  64-bit hashes,   300000 reps.......... worst bias is 0.695333%
Testing  72-bit keys ->  64-bit hashes,   300000 reps.......... worst bias is 0.674667%
Testing  80-bit keys ->  64-bit hashes,   300000 reps.......... worst bias is 0.754667%
Testing  88-bit keys ->  64-bit hashes,   300000 reps.......... worst bias is 0.875333%
Testing  96-bit keys ->  64-bit hashes,   300000 reps.......... worst bias is 0.726000%
Testing 104-bit keys ->  64-bit hashes,   300000 reps.......... worst bias is 0.708000%
Testing 112-bit keys ->  64-bit hashes,   300000 reps.......... worst bias is 0.717333%
Testing 120-bit keys ->  64-bit hashes,   300000 reps.......... worst bias is 0.726000%
Testing 128-bit keys ->  64-bit hashes,   300000 reps.......... worst bias is 0.705333%
Testing 136-bit keys ->  64-bit hashes,   300000 reps.......... worst bias is 0.700000%
Testing 144-bit keys ->  64-bit hashes,   300000 reps.......... worst bias is 0.669333%
Testing 152-bit keys ->  64-bit hashes,   300000 reps.......... worst bias is 0.694000%


Input vcode 0x00000001, Output vcode 0x00000001, Result vcode 0x00000001
Verification value is 0x00000001 - Testing took 142.485518 seconds
-------------------------------------------------------------------------------
