-------------------------------------------------------------------------------
--- Testing Funny64 "FunnyHash for x86, 64-bit"

[[[ Avalanche Tests ]]]

Testing  24-bit keys ->  64-bit hashes,   300000 reps.......... worst bias is 0.597333%
Testing  32-bit keys ->  64-bit hashes,   300000 reps.......... worst bias is 0.604000%
Testing  40-bit keys ->  64-bit hashes,   300000 reps.......... worst bias is 0.658667%
Testing  48-bit keys ->  64-bit hashes,   300000 reps.......... worst bias is 0.860667%
Testing  56-bit keys ->  64-bit hashes,   300000 reps.......... worst bias is 0.659333%
Testing  64-bit keys ->  64-bit hashes,   300000 reps.......... worst bias is 0.637333%
Testing  72-bit keys ->  64-bit hashes,   300000 reps.......... worst bias is 0.658667%
Testing  80-bit keys ->  64-bit hashes,   300000 reps.......... worst bias is 0.731333%
Testing  88-bit keys ->  64-bit hashes,   300000 reps.......... worst bias is 0.702667%
Testing  96-bit keys ->  64-bit hashes,   300000 reps.......... worst bias is 0.685333%
Testing 104-bit keys ->  64-bit hashes,   300000 reps.......... worst bias is 0.754667%
Testing 112-bit keys ->  64-bit hashes,   300000 reps.......... worst bias is 0.668667%
Testing 120-bit keys ->  64-bit hashes,   300000 reps.......... worst bias is 0.740000%
Testing 128-bit keys ->  64-bit hashes,   300000 reps.......... worst bias is 0.726667%
Testing 136-bit keys ->  64-bit hashes,   300000 reps.......... worst bias is 0.712667%
Testing 144-bit keys ->  64-bit hashes,   300000 reps.......... worst bias is 0.651333%
Testing 152-bit keys ->  64-bit hashes,   300000 reps.......... worst bias is 0.672667%


Input vcode 0x00000001, Output vcode 0x00000001, Result vcode 0x00000001
Verification value is 0x00000001 - Testing took 145.822470 seconds
-------------------------------------------------------------------------------
