-------------------------------------------------------------------------------
--- Testing Funny64 "FunnyHash for x86, 64-bit"

[[[ Avalanche Tests ]]]

Testing  24-bit keys ->  64-bit hashes,   300000 reps.......... worst bias is 0.722667%
Testing  32-bit keys ->  64-bit hashes,   300000 reps.......... worst bias is 0.660000%
Testing  40-bit keys ->  64-bit hashes,   300000 reps.......... worst bias is 0.696000%
Testing  48-bit keys ->  64-bit hashes,   300000 reps.......... worst bias is 0.728000%
Testing  56-bit keys ->  64-bit hashes,   300000 reps.......... worst bias is 0.715333%
Testing  64-bit keys ->  64-bit hashes,   300000 reps.......... worst bias is 0.701333%
Testing  72-bit keys ->  64-bit hashes,   300000 reps.......... worst bias is 0.643333%
Testing  80-bit keys ->  64-bit hashes,   300000 reps.......... worst bias is 0.806667%
Testing  88-bit keys ->  64-bit hashes,   300000 reps.......... worst bias is 0.744667%
Testing  96-bit keys ->  64-bit hashes,   300000 reps.......... worst bias is 0.708667%
Testing 104-bit keys ->  64-bit hashes,   300000 reps.......... worst bias is 0.758000%
Testing 112-bit keys ->  64-bit hashes,   300000 reps.......... worst bias is 0.775333%
Testing 120-bit keys ->  64-bit hashes,   300000 reps.......... worst bias is 0.708667%
Testing 128-bit keys ->  64-bit hashes,   300000 reps.......... worst bias is 0.714667%
Testing 136-bit keys ->  64-bit hashes,   300000 reps.......... worst bias is 0.746667%
Testing 144-bit keys ->  64-bit hashes,   300000 reps.......... worst bias is 0.718667%
Testing 152-bit keys ->  64-bit hashes,   300000 reps.......... worst bias is 0.704667%


Input vcode 0x00000001, Output vcode 0x00000001, Result vcode 0x00000001
Verification value is 0x00000001 - Testing took 107.547100 seconds
-------------------------------------------------------------------------------
