-------------------------------------------------------------------------------
--- Testing Funny64 "FunnyHash for x86, 64-bit"

[[[ Avalanche Tests ]]]

Testing  24-bit keys ->  64-bit hashes,   300000 reps.......... worst bias is 0.688667%
Testing  32-bit keys ->  64-bit hashes,   300000 reps.......... worst bias is 0.726000%
Testing  40-bit keys ->  64-bit hashes,   300000 reps.......... worst bias is 0.662667%
Testing  48-bit keys ->  64-bit hashes,   300000 reps.......... worst bias is 0.720667%
Testing  56-bit keys ->  64-bit hashes,   300000 reps.......... worst bias is 0.703333%
Testing  64-bit keys ->  64-bit hashes,   300000 reps.......... worst bias is 0.590667%
Testing  72-bit keys ->  64-bit hashes,   300000 reps.......... worst bias is 0.718667%
Testing  80-bit keys ->  64-bit hashes,   300000 reps.......... worst bias is 0.719333%
Testing  88-bit keys ->  64-bit hashes,   300000 reps.......... worst bias is 0.731333%
Testing  96-bit keys ->  64-bit hashes,   300000 reps.......... worst bias is 0.676000%
Testing 104-bit keys ->  64-bit hashes,   300000 reps.......... worst bias is 0.718000%
Testing 112-bit keys ->  64-bit hashes,   300000 reps.......... worst bias is 0.727333%
Testing 120-bit keys ->  64-bit hashes,   300000 reps.......... worst bias is 0.790000%
Testing 128-bit keys ->  64-bit hashes,   300000 reps.......... worst bias is 0.795333%
Testing 136-bit keys ->  64-bit hashes,   300000 reps.......... worst bias is 0.713333%
Testing 144-bit keys ->  64-bit hashes,   300000 reps.......... worst bias is 0.692000%
Testing 152-bit keys ->  64-bit hashes,   300000 reps.......... worst bias is 0.634000%


Input vcode 0x00000001, Output vcode 0x00000001, Result vcode 0x00000001
Verification value is 0x00000001 - Testing took 107.550192 seconds
-------------------------------------------------------------------------------
