-------------------------------------------------------------------------------
--- Testing Funny64 "FunnyHash for x86, 64-bit"

[[[ Avalanche Tests ]]]

Testing  24-bit keys ->  64-bit hashes,   300000 reps.......... worst bias is 0.708667%
Testing  32-bit keys ->  64-bit hashes,   300000 reps.......... worst bias is 0.618667%
Testing  40-bit keys ->  64-bit hashes,   300000 reps.......... worst bias is 0.669333%
Testing  48-bit keys ->  64-bit hashes,   300000 reps.......... worst bias is 0.673333%
Testing  56-bit keys ->  64-bit hashes,   300000 reps.......... worst bias is 0.644667%
Testing  64-bit keys ->  64-bit hashes,   300000 reps.......... worst bias is 0.684000%
Testing  72-bit keys ->  64-bit hashes,   300000 reps.......... worst bias is 0.704667%
Testing  80-bit keys ->  64-bit hashes,   300000 reps.......... worst bias is 0.736000%
Testing  88-bit keys ->  64-bit hashes,   300000 reps.......... worst bias is 0.656667%
Testing  96-bit keys ->  64-bit hashes,   300000 reps.......... worst bias is 0.670000%
Testing 104-bit keys ->  64-bit hashes,   300000 reps.......... worst bias is 0.728000%
Testing 112-bit keys ->  64-bit hashes,   300000 reps.......... worst bias is 0.864667%
Testing 120-bit keys ->  64-bit hashes,   300000 reps.......... worst bias is 0.718000%
Testing 128-bit keys ->  64-bit hashes,   300000 reps.......... worst bias is 0.714667%
Testing 136-bit keys ->  64-bit hashes,   300000 reps.......... worst bias is 0.722667%
Testing 144-bit keys ->  64-bit hashes,   300000 reps.......... worst bias is 0.802000%
Testing 152-bit keys ->  64-bit hashes,   300000 reps.......... worst bias is 0.691333%


Input vcode 0x00000001, Output vcode 0x00000001, Result vcode 0x00000001
Verification value is 0x00000001 - Testing took 139.015075 seconds
-------------------------------------------------------------------------------
