-------------------------------------------------------------------------------
--- Testing Funny64 "FunnyHash for x86, 64-bit"

[[[ Avalanche Tests ]]]

Testing  24-bit keys ->  64-bit hashes,   300000 reps.......... worst bias is 0.688667%
Testing  32-bit keys ->  64-bit hashes,   300000 reps.......... worst bias is 0.726000%
Testing  40-bit keys ->  64-bit hashes,   300000 reps.......... worst bias is 0.770000%
Testing  48-bit keys ->  64-bit hashes,   300000 reps.......... worst bias is 0.638000%
Testing  56-bit keys ->  64-bit hashes,   300000 reps.......... worst bias is 0.652000%
Testing  64-bit keys ->  64-bit hashes,   300000 reps.......... worst bias is 0.655333%
Testing  72-bit keys ->  64-bit hashes,   300000 reps.......... worst bias is 0.638667%
Testing  80-bit keys ->  64-bit hashes,   300000 reps.......... worst bias is 0.686667%
Testing  88-bit keys ->  64-bit hashes,   300000 reps.......... worst bias is 0.688000%
Testing  96-bit keys ->  64-bit hashes,   300000 reps.......... worst bias is 0.832000%
Testing 104-bit keys ->  64-bit hashes,   300000 reps.......... worst bias is 0.674667%
Testing 112-bit keys ->  64-bit hashes,   300000 reps.......... worst bias is 0.717333%
Testing 120-bit keys ->  64-bit hashes,   300000 reps.......... worst bias is 0.682667%
Testing 128-bit keys ->  64-bit hashes,   300000 reps.......... worst bias is 0.653333%
Testing 136-bit keys ->  64-bit hashes,   300000 reps.......... worst bias is 0.764000%
Testing 144-bit keys ->  64-bit hashes,   300000 reps.......... worst bias is 0.646000%
Testing 152-bit keys ->  64-bit hashes,   300000 reps.......... worst bias is 0.658000%


Input vcode 0x00000001, Output vcode 0x00000001, Result vcode 0x00000001
Verification value is 0x00000001 - Testing took 106.574853 seconds
-------------------------------------------------------------------------------
