-------------------------------------------------------------------------------
--- Testing Funny64 "FunnyHash for x86, 64-bit"

[[[ Avalanche Tests ]]]

Testing  24-bit keys ->  64-bit hashes,   300000 reps.......... worst bias is 0.632667%
Testing  32-bit keys ->  64-bit hashes,   300000 reps.......... worst bias is 0.600000%
Testing  40-bit keys ->  64-bit hashes,   300000 reps.......... worst bias is 0.656667%
Testing  48-bit keys ->  64-bit hashes,   300000 reps.......... worst bias is 0.655333%
Testing  56-bit keys ->  64-bit hashes,   300000 reps.......... worst bias is 0.655333%
Testing  64-bit keys ->  64-bit hashes,   300000 reps.......... worst bias is 0.770667%
Testing  72-bit keys ->  64-bit hashes,   300000 reps.......... worst bias is 0.812667%
Testing  80-bit keys ->  64-bit hashes,   300000 reps.......... worst bias is 0.798667%
Testing  88-bit keys ->  64-bit hashes,   300000 reps.......... worst bias is 0.784000%
Testing  96-bit keys ->  64-bit hashes,   300000 reps.......... worst bias is 0.634667%
Testing 104-bit keys ->  64-bit hashes,   300000 reps.......... worst bias is 0.737333%
Testing 112-bit keys ->  64-bit hashes,   300000 reps.......... worst bias is 0.639333%
Testing 120-bit keys ->  64-bit hashes,   300000 reps.......... worst bias is 0.826667%
Testing 128-bit keys ->  64-bit hashes,   300000 reps.......... worst bias is 0.680000%
Testing 136-bit keys ->  64-bit hashes,   300000 reps.......... worst bias is 0.741333%
Testing 144-bit keys ->  64-bit hashes,   300000 reps.......... worst bias is 0.670000%
Testing 152-bit keys ->  64-bit hashes,   300000 reps.......... worst bias is 0.652000%


Input vcode 0x00000001, Output vcode 0x00000001, Result vcode 0x00000001
Verification value is 0x00000001 - Testing took 107.009871 seconds
-------------------------------------------------------------------------------
