-------------------------------------------------------------------------------
--- Testing Funny64 "FunnyHash for x86, 64-bit"

[[[ Avalanche Tests ]]]

Testing  24-bit keys ->  64-bit hashes,   300000 reps.......... worst bias is 0.670667%
Testing  32-bit keys ->  64-bit hashes,   300000 reps.......... worst bias is 0.668667%
Testing  40-bit keys ->  64-bit hashes,   300000 reps.......... worst bias is 0.618667%
Testing  48-bit keys ->  64-bit hashes,   300000 reps.......... worst bias is 0.686000%
Testing  56-bit keys ->  64-bit hashes,   300000 reps.......... worst bias is 0.647333%
Testing  64-bit keys ->  64-bit hashes,   300000 reps.......... worst bias is 0.685333%
Testing  72-bit keys ->  64-bit hashes,   300000 reps.......... worst bias is 0.692000%
Testing  80-bit keys ->  64-bit hashes,   300000 reps.......... worst bias is 0.742000%
Testing  88-bit keys ->  64-bit hashes,   300000 reps.......... worst bias is 0.718667%
Testing  96-bit keys ->  64-bit hashes,   300000 reps.......... worst bias is 0.668000%
Testing 104-bit keys ->  64-bit hashes,   300000 reps.......... worst bias is 0.714000%
Testing 112-bit keys ->  64-bit hashes,   300000 reps.......... worst bias is 0.692667%
Testing 120-bit keys ->  64-bit hashes,   300000 reps.......... worst bias is 0.754667%
Testing 128-bit keys ->  64-bit hashes,   300000 reps.......... worst bias is 0.634000%
Testing 136-bit keys ->  64-bit hashes,   300000 reps.......... worst bias is 0.672000%
Testing 144-bit keys ->  64-bit hashes,   300000 reps.......... worst bias is 0.664667%
Testing 152-bit keys ->  64-bit hashes,   300000 reps.......... worst bias is 0.721333%


Input vcode 0x00000001, Output vcode 0x00000001, Result vcode 0x00000001
Verification value is 0x00000001 - Testing took 108.491217 seconds
-------------------------------------------------------------------------------
