-------------------------------------------------------------------------------
--- Testing Funny64 "FunnyHash for x86, 64-bit"

[[[ Avalanche Tests ]]]

Testing  24-bit keys ->  64-bit hashes,   300000 reps.......... worst bias is 0.718667%
Testing  32-bit keys ->  64-bit hashes,   300000 reps.......... worst bias is 0.601333%
Testing  40-bit keys ->  64-bit hashes,   300000 reps.......... worst bias is 0.666000%
Testing  48-bit keys ->  64-bit hashes,   300000 reps.......... worst bias is 0.698000%
Testing  56-bit keys ->  64-bit hashes,   300000 reps.......... worst bias is 0.683333%
Testing  64-bit keys ->  64-bit hashes,   300000 reps.......... worst bias is 0.750667%
Testing  72-bit keys ->  64-bit hashes,   300000 reps.......... worst bias is 0.696000%
Testing  80-bit keys ->  64-bit hashes,   300000 reps.......... worst bias is 0.667333%
Testing  88-bit keys ->  64-bit hashes,   300000 reps.......... worst bias is 0.667333%
Testing  96-bit keys ->  64-bit hashes,   300000 reps.......... worst bias is 0.801333%
Testing 104-bit keys ->  64-bit hashes,   300000 reps.......... worst bias is 0.767333%
Testing 112-bit keys ->  64-bit hashes,   300000 reps.......... worst bias is 0.668667%
Testing 120-bit keys ->  64-bit hashes,   300000 reps.......... worst bias is 0.705333%
Testing 128-bit keys ->  64-bit hashes,   300000 reps.......... worst bias is 0.762000%
Testing 136-bit keys ->  64-bit hashes,   300000 reps.......... worst bias is 0.774000%
Testing 144-bit keys ->  64-bit hashes,   300000 reps.......... worst bias is 0.698667%
Testing 152-bit keys ->  64-bit hashes,   300000 reps.......... worst bias is 0.754000%


Input vcode 0x00000001, Output vcode 0x00000001, Result vcode 0x00000001
Verification value is 0x00000001 - Testing took 107.068505 seconds
-------------------------------------------------------------------------------
