-------------------------------------------------------------------------------
--- Testing Funny64 "FunnyHash for x86, 64-bit"

[[[ Avalanche Tests ]]]

Testing  24-bit keys ->  64-bit hashes,   300000 reps.......... worst bias is 0.680667%
Testing  32-bit keys ->  64-bit hashes,   300000 reps.......... worst bias is 0.843333%
Testing  40-bit keys ->  64-bit hashes,   300000 reps.......... worst bias is 0.652000%
Testing  48-bit keys ->  64-bit hashes,   300000 reps.......... worst bias is 0.658667%
Testing  56-bit keys ->  64-bit hashes,   300000 reps.......... worst bias is 0.650667%
Testing  64-bit keys ->  64-bit hashes,   300000 reps.......... worst bias is 0.709333%
Testing  72-bit keys ->  64-bit hashes,   300000 reps.......... worst bias is 0.764000%
Testing  80-bit keys ->  64-bit hashes,   300000 reps.......... worst bias is 0.724667%
Testing  88-bit keys ->  64-bit hashes,   300000 reps.......... worst bias is 0.762667%
Testing  96-bit keys ->  64-bit hashes,   300000 reps.......... worst bias is 0.827333%
Testing 104-bit keys ->  64-bit hashes,   300000 reps.......... worst bias is 0.710000%
Testing 112-bit keys ->  64-bit hashes,   300000 reps.......... worst bias is 0.660000%
Testing 120-bit keys ->  64-bit hashes,   300000 reps.......... worst bias is 0.776667%
Testing 128-bit keys ->  64-bit hashes,   300000 reps.......... worst bias is 0.701333%
Testing 136-bit keys ->  64-bit hashes,   300000 reps.......... worst bias is 0.731333%
Testing 144-bit keys ->  64-bit hashes,   300000 reps.......... worst bias is 0.740667%
Testing 152-bit keys ->  64-bit hashes,   300000 reps.......... worst bias is 0.744667%


Input vcode 0x00000001, Output vcode 0x00000001, Result vcode 0x00000001
Verification value is 0x00000001 - Testing took 138.367305 seconds
-------------------------------------------------------------------------------
