-------------------------------------------------------------------------------
--- Testing Funny32 "FunnyHash for x86, 32-bit"

[[[ Avalanche Tests ]]]

Testing  24-bit keys ->  32-bit hashes,   300000 reps.......... worst bias is 0.782000%
Testing  32-bit keys ->  32-bit hashes,   300000 reps.......... worst bias is 0.607333%
Testing  40-bit keys ->  32-bit hashes,   300000 reps.......... worst bias is 0.623333%
Testing  48-bit keys ->  32-bit hashes,   300000 reps.......... worst bias is 0.550000%
Testing  56-bit keys ->  32-bit hashes,   300000 reps.......... worst bias is 0.605333%
Testing  64-bit keys ->  32-bit hashes,   300000 reps.......... worst bias is 0.737333%
Testing  72-bit keys ->  32-bit hashes,   300000 reps.......... worst bias is 0.651333%
Testing  80-bit keys ->  32-bit hashes,   300000 reps.......... worst bias is 0.686667%
Testing  88-bit keys ->  32-bit hashes,   300000 reps.......... worst bias is 0.734667%
Testing  96-bit keys ->  32-bit hashes,   300000 reps.......... worst bias is 0.598667%
Testing 104-bit keys ->  32-bit hashes,   300000 reps.......... worst bias is 0.649333%
Testing 112-bit keys ->  32-bit hashes,   300000 reps.......... worst bias is 0.726667%
Testing 120-bit keys ->  32-bit hashes,   300000 reps.......... worst bias is 0.683333%
Testing 128-bit keys ->  32-bit hashes,   300000 reps.......... worst bias is 0.742667%
Testing 136-bit keys ->  32-bit hashes,   300000 reps.......... worst bias is 0.728000%
Testing 144-bit keys ->  32-bit hashes,   300000 reps.......... worst bias is 0.630000%
Testing 152-bit keys ->  32-bit hashes,   300000 reps.......... worst bias is 0.670000%


Input vcode 0x82bb3ce7, Output vcode 0x6970cd52, Result vcode 0x00000001
Verification value is 0x00000001 - Testing took 92.269839 seconds
-------------------------------------------------------------------------------
