-------------------------------------------------------------------------------
--- Testing Funny64 "FunnyHash for x86, 64-bit"

[[[ Avalanche Tests ]]]

Testing  24-bit keys ->  64-bit hashes,   300000 reps.......... worst bias is 0.586667%
Testing  32-bit keys ->  64-bit hashes,   300000 reps.......... worst bias is 0.647333%
Testing  40-bit keys ->  64-bit hashes,   300000 reps.......... worst bias is 0.633333%
Testing  48-bit keys ->  64-bit hashes,   300000 reps.......... worst bias is 0.694000%
Testing  56-bit keys ->  64-bit hashes,   300000 reps.......... worst bias is 0.634000%
Testing  64-bit keys ->  64-bit hashes,   300000 reps.......... worst bias is 0.748667%
Testing  72-bit keys ->  64-bit hashes,   300000 reps.......... worst bias is 0.653333%
Testing  80-bit keys ->  64-bit hashes,   300000 reps.......... worst bias is 0.714667%
Testing  88-bit keys ->  64-bit hashes,   300000 reps.......... worst bias is 0.666667%
Testing  96-bit keys ->  64-bit hashes,   300000 reps.......... worst bias is 0.702667%
Testing 104-bit keys ->  64-bit hashes,   300000 reps.......... worst bias is 0.673333%
Testing 112-bit keys ->  64-bit hashes,   300000 reps.......... worst bias is 0.660000%
Testing 120-bit keys ->  64-bit hashes,   300000 reps.......... worst bias is 0.678000%
Testing 128-bit keys ->  64-bit hashes,   300000 reps.......... worst bias is 0.742667%
Testing 136-bit keys ->  64-bit hashes,   300000 reps.......... worst bias is 0.716000%
Testing 144-bit keys ->  64-bit hashes,   300000 reps.......... worst bias is 0.704667%
Testing 152-bit keys ->  64-bit hashes,   300000 reps.......... worst bias is 0.709333%


Input vcode 0x00000001, Output vcode 0x00000001, Result vcode 0x00000001
Verification value is 0x00000001 - Testing took 109.237664 seconds
-------------------------------------------------------------------------------
