-------------------------------------------------------------------------------
--- Testing Funny64 "FunnyHash for x86, 64-bit"

[[[ Avalanche Tests ]]]

Testing  24-bit keys ->  64-bit hashes,   300000 reps.......... worst bias is 0.611333%
Testing  32-bit keys ->  64-bit hashes,   300000 reps.......... worst bias is 0.700667%
Testing  40-bit keys ->  64-bit hashes,   300000 reps.......... worst bias is 0.648667%
Testing  48-bit keys ->  64-bit hashes,   300000 reps.......... worst bias is 0.718000%
Testing  56-bit keys ->  64-bit hashes,   300000 reps.......... worst bias is 0.704000%
Testing  64-bit keys ->  64-bit hashes,   300000 reps.......... worst bias is 0.676000%
Testing  72-bit keys ->  64-bit hashes,   300000 reps.......... worst bias is 0.698667%
Testing  80-bit keys ->  64-bit hashes,   300000 reps.......... worst bias is 0.688667%
Testing  88-bit keys ->  64-bit hashes,   300000 reps.......... worst bias is 0.700667%
Testing  96-bit keys ->  64-bit hashes,   300000 reps.......... worst bias is 0.648667%
Testing 104-bit keys ->  64-bit hashes,   300000 reps.......... worst bias is 0.728667%
Testing 112-bit keys ->  64-bit hashes,   300000 reps.......... worst bias is 0.754000%
Testing 120-bit keys ->  64-bit hashes,   300000 reps.......... worst bias is 0.696667%
Testing 128-bit keys ->  64-bit hashes,   300000 reps.......... worst bias is 0.684667%
Testing 136-bit keys ->  64-bit hashes,   300000 reps.......... worst bias is 0.841333%
Testing 144-bit keys ->  64-bit hashes,   300000 reps.......... worst bias is 0.667333%
Testing 152-bit keys ->  64-bit hashes,   300000 reps.......... worst bias is 0.676667%


Input vcode 0x00000001, Output vcode 0x00000001, Result vcode 0x00000001
Verification value is 0x00000001 - Testing took 107.777693 seconds
-------------------------------------------------------------------------------
