-------------------------------------------------------------------------------
--- Testing Funny64 "FunnyHash for x86, 64-bit"

[[[ Avalanche Tests ]]]

Testing  24-bit keys ->  64-bit hashes,   300000 reps.......... worst bias is 0.677333%
Testing  32-bit keys ->  64-bit hashes,   300000 reps.......... worst bias is 0.702000%
Testing  40-bit keys ->  64-bit hashes,   300000 reps.......... worst bias is 0.704000%
Testing  48-bit keys ->  64-bit hashes,   300000 reps.......... worst bias is 0.656000%
Testing  56-bit keys ->  64-bit hashes,   300000 reps.......... worst bias is 0.762667%
Testing  64-bit keys ->  64-bit hashes,   300000 reps.......... worst bias is 0.698000%
Testing  72-bit keys ->  64-bit hashes,   300000 reps.......... worst bias is 0.636667%
Testing  80-bit keys ->  64-bit hashes,   300000 reps.......... worst bias is 0.793333%
Testing  88-bit keys ->  64-bit hashes,   300000 reps.......... worst bias is 0.684667%
Testing  96-bit keys ->  64-bit hashes,   300000 reps.......... worst bias is 0.668000%
Testing 104-bit keys ->  64-bit hashes,   300000 reps.......... worst bias is 0.638667%
Testing 112-bit keys ->  64-bit hashes,   300000 reps.......... worst bias is 0.711333%
Testing 120-bit keys ->  64-bit hashes,   300000 reps.......... worst bias is 0.731333%
Testing 128-bit keys ->  64-bit hashes,   300000 reps.......... worst bias is 0.700667%
Testing 136-bit keys ->  64-bit hashes,   300000 reps.......... worst bias is 0.712667%
Testing 144-bit keys ->  64-bit hashes,   300000 reps.......... worst bias is 0.822667%
Testing 152-bit keys ->  64-bit hashes,   300000 reps.......... worst bias is 0.734000%


Input vcode 0x00000001, Output vcode 0x00000001, Result vcode 0x00000001
Verification value is 0x00000001 - Testing took 128.078570 seconds
-------------------------------------------------------------------------------
