-------------------------------------------------------------------------------
--- Testing Funny64 "FunnyHash for x86, 64-bit"

[[[ Avalanche Tests ]]]

Testing  24-bit keys ->  64-bit hashes,   300000 reps.......... worst bias is 0.758000%
Testing  32-bit keys ->  64-bit hashes,   300000 reps.......... worst bias is 0.733333%
Testing  40-bit keys ->  64-bit hashes,   300000 reps.......... worst bias is 0.609333%
Testing  48-bit keys ->  64-bit hashes,   300000 reps.......... worst bias is 0.734000%
Testing  56-bit keys ->  64-bit hashes,   300000 reps.......... worst bias is 0.633333%
Testing  64-bit keys ->  64-bit hashes,   300000 reps.......... worst bias is 0.648667%
Testing  72-bit keys ->  64-bit hashes,   300000 reps.......... worst bias is 0.704667%
Testing  80-bit keys ->  64-bit hashes,   300000 reps.......... worst bias is 0.624667%
Testing  88-bit keys ->  64-bit hashes,   300000 reps.......... worst bias is 0.772667%
Testing  96-bit keys ->  64-bit hashes,   300000 reps.......... worst bias is 0.656667%
Testing 104-bit keys ->  64-bit hashes,   300000 reps.......... worst bias is 0.640000%
Testing 112-bit keys ->  64-bit hashes,   300000 reps.......... worst bias is 0.712667%
Testing 120-bit keys ->  64-bit hashes,   300000 reps.......... worst bias is 0.705333%
Testing 128-bit keys ->  64-bit hashes,   300000 reps.......... worst bias is 0.782667%
Testing 136-bit keys ->  64-bit hashes,   300000 reps.......... worst bias is 0.628000%
Testing 144-bit keys ->  64-bit hashes,   300000 reps.......... worst bias is 0.792000%
Testing 152-bit keys ->  64-bit hashes,   300000 reps.......... worst bias is 0.706667%


Input vcode 0x00000001, Output vcode 0x00000001, Result vcode 0x00000001
Verification value is 0x00000001 - Testing took 108.189483 seconds
-------------------------------------------------------------------------------
