-------------------------------------------------------------------------------
--- Testing Funny32 "FunnyHash for x86, 32-bit"

[[[ Avalanche Tests ]]]

Testing  24-bit keys ->  32-bit hashes,   300000 reps.......... worst bias is 0.615333%
Testing  32-bit keys ->  32-bit hashes,   300000 reps.......... worst bias is 0.559333%
Testing  40-bit keys ->  32-bit hashes,   300000 reps.......... worst bias is 0.691333%
Testing  48-bit keys ->  32-bit hashes,   300000 reps.......... worst bias is 0.636000%
Testing  56-bit keys ->  32-bit hashes,   300000 reps.......... worst bias is 0.683333%
Testing  64-bit keys ->  32-bit hashes,   300000 reps.......... worst bias is 0.673333%
Testing  72-bit keys ->  32-bit hashes,   300000 reps.......... worst bias is 0.612667%
Testing  80-bit keys ->  32-bit hashes,   300000 reps.......... worst bias is 0.678000%
Testing  88-bit keys ->  32-bit hashes,   300000 reps.......... worst bias is 0.661333%
Testing  96-bit keys ->  32-bit hashes,   300000 reps.......... worst bias is 0.764000%
Testing 104-bit keys ->  32-bit hashes,   300000 reps.......... worst bias is 0.660000%
Testing 112-bit keys ->  32-bit hashes,   300000 reps.......... worst bias is 0.729333%
Testing 120-bit keys ->  32-bit hashes,   300000 reps.......... worst bias is 0.613333%
Testing 128-bit keys ->  32-bit hashes,   300000 reps.......... worst bias is 0.659333%
Testing 136-bit keys ->  32-bit hashes,   300000 reps.......... worst bias is 0.734667%
Testing 144-bit keys ->  32-bit hashes,   300000 reps.......... worst bias is 0.677333%
Testing 152-bit keys ->  32-bit hashes,   300000 reps.......... worst bias is 0.660000%


Input vcode 0x82bb3ce7, Output vcode 0xc0af0f01, Result vcode 0x00000001
Verification value is 0x00000001 - Testing took 91.590181 seconds
-------------------------------------------------------------------------------
