-------------------------------------------------------------------------------
--- Testing Funny64 "FunnyHash for x86, 64-bit"

[[[ Avalanche Tests ]]]

Testing  24-bit keys ->  64-bit hashes,   300000 reps.......... worst bias is 0.695333%
Testing  32-bit keys ->  64-bit hashes,   300000 reps.......... worst bias is 0.634667%
Testing  40-bit keys ->  64-bit hashes,   300000 reps.......... worst bias is 0.656000%
Testing  48-bit keys ->  64-bit hashes,   300000 reps.......... worst bias is 0.675333%
Testing  56-bit keys ->  64-bit hashes,   300000 reps.......... worst bias is 0.643333%
Testing  64-bit keys ->  64-bit hashes,   300000 reps.......... worst bias is 0.712000%
Testing  72-bit keys ->  64-bit hashes,   300000 reps.......... worst bias is 0.732000%
Testing  80-bit keys ->  64-bit hashes,   300000 reps.......... worst bias is 0.698000%
Testing  88-bit keys ->  64-bit hashes,   300000 reps.......... worst bias is 0.714000%
Testing  96-bit keys ->  64-bit hashes,   300000 reps.......... worst bias is 0.725333%
Testing 104-bit keys ->  64-bit hashes,   300000 reps.......... worst bias is 0.670000%
Testing 112-bit keys ->  64-bit hashes,   300000 reps.......... worst bias is 0.794000%
Testing 120-bit keys ->  64-bit hashes,   300000 reps.......... worst bias is 0.839333%
Testing 128-bit keys ->  64-bit hashes,   300000 reps.......... worst bias is 0.726000%
Testing 136-bit keys ->  64-bit hashes,   300000 reps.......... worst bias is 0.678667%
Testing 144-bit keys ->  64-bit hashes,   300000 reps.......... worst bias is 0.708667%
Testing 152-bit keys ->  64-bit hashes,   300000 reps.......... worst bias is 0.756667%


Input vcode 0x00000001, Output vcode 0x00000001, Result vcode 0x00000001
Verification value is 0x00000001 - Testing took 106.995888 seconds
-------------------------------------------------------------------------------
