-------------------------------------------------------------------------------
--- Testing Funny32 "FunnyHash for x86, 32-bit"

[[[ Avalanche Tests ]]]

Testing  24-bit keys ->  32-bit hashes,   300000 reps.......... worst bias is 0.544000%
Testing  32-bit keys ->  32-bit hashes,   300000 reps.......... worst bias is 0.642000%
Testing  40-bit keys ->  32-bit hashes,   300000 reps.......... worst bias is 0.667333%
Testing  48-bit keys ->  32-bit hashes,   300000 reps.......... worst bias is 0.621333%
Testing  56-bit keys ->  32-bit hashes,   300000 reps.......... worst bias is 0.725333%
Testing  64-bit keys ->  32-bit hashes,   300000 reps.......... worst bias is 0.657333%
Testing  72-bit keys ->  32-bit hashes,   300000 reps.......... worst bias is 0.750667%
Testing  80-bit keys ->  32-bit hashes,   300000 reps.......... worst bias is 0.600667%
Testing  88-bit keys ->  32-bit hashes,   300000 reps.......... worst bias is 0.764667%
Testing  96-bit keys ->  32-bit hashes,   300000 reps.......... worst bias is 0.662000%
Testing 104-bit keys ->  32-bit hashes,   300000 reps.......... worst bias is 0.650667%
Testing 112-bit keys ->  32-bit hashes,   300000 reps.......... worst bias is 0.656667%
Testing 120-bit keys ->  32-bit hashes,   300000 reps.......... worst bias is 0.628667%
Testing 128-bit keys ->  32-bit hashes,   300000 reps.......... worst bias is 0.716667%
Testing 136-bit keys ->  32-bit hashes,   300000 reps.......... worst bias is 0.637333%
Testing 144-bit keys ->  32-bit hashes,   300000 reps.......... worst bias is 0.640667%
Testing 152-bit keys ->  32-bit hashes,   300000 reps.......... worst bias is 0.688667%


Input vcode 0x82bb3ce7, Output vcode 0x46347b1b, Result vcode 0x00000001
Verification value is 0x00000001 - Testing took 91.935621 seconds
-------------------------------------------------------------------------------
