-------------------------------------------------------------------------------
--- Testing Funny64 "FunnyHash for x86, 64-bit"

[[[ Avalanche Tests ]]]

Testing  24-bit keys ->  64-bit hashes,   300000 reps.......... worst bias is 0.597333%
Testing  32-bit keys ->  64-bit hashes,   300000 reps.......... worst bias is 0.604000%
Testing  40-bit keys ->  64-bit hashes,   300000 reps.......... worst bias is 0.676000%
Testing  48-bit keys ->  64-bit hashes,   300000 reps.......... worst bias is 0.662667%
Testing  56-bit keys ->  64-bit hashes,   300000 reps.......... worst bias is 0.702667%
Testing  64-bit keys ->  64-bit hashes,   300000 reps.......... worst bias is 0.700000%
Testing  72-bit keys ->  64-bit hashes,   300000 reps.......... worst bias is 0.662000%
Testing  80-bit keys ->  64-bit hashes,   300000 reps.......... worst bias is 0.656667%
Testing  88-bit keys ->  64-bit hashes,   300000 reps.......... worst bias is 0.686667%
Testing  96-bit keys ->  64-bit hashes,   300000 reps.......... worst bias is 0.722000%
Testing 104-bit keys ->  64-bit hashes,   300000 reps.......... worst bias is 0.734667%
Testing 112-bit keys ->  64-bit hashes,   300000 reps.......... worst bias is 0.628667%
Testing 120-bit keys ->  64-bit hashes,   300000 reps.......... worst bias is 0.650667%
Testing 128-bit keys ->  64-bit hashes,   300000 reps.......... worst bias is 0.670667%
Testing 136-bit keys ->  64-bit hashes,   300000 reps.......... worst bias is 0.682667%
Testing 144-bit keys ->  64-bit hashes,   300000 reps.......... worst bias is 0.702000%
Testing 152-bit keys ->  64-bit hashes,   300000 reps.......... worst bias is 0.718000%


Input vcode 0x00000001, Output vcode 0x00000001, Result vcode 0x00000001
Verification value is 0x00000001 - Testing took 154.041598 seconds
-------------------------------------------------------------------------------
