-------------------------------------------------------------------------------
--- Testing Funny64 "FunnyHash for x86, 64-bit"

[[[ Avalanche Tests ]]]

Testing  24-bit keys ->  64-bit hashes,   300000 reps.......... worst bias is 0.649333%
Testing  32-bit keys ->  64-bit hashes,   300000 reps.......... worst bias is 0.600667%
Testing  40-bit keys ->  64-bit hashes,   300000 reps.......... worst bias is 0.632667%
Testing  48-bit keys ->  64-bit hashes,   300000 reps.......... worst bias is 0.602000%
Testing  56-bit keys ->  64-bit hashes,   300000 reps.......... worst bias is 0.742667%
Testing  64-bit keys ->  64-bit hashes,   300000 reps.......... worst bias is 0.657333%
Testing  72-bit keys ->  64-bit hashes,   300000 reps.......... worst bias is 0.606000%
Testing  80-bit keys ->  64-bit hashes,   300000 reps.......... worst bias is 0.638667%
Testing  88-bit keys ->  64-bit hashes,   300000 reps.......... worst bias is 0.704000%
Testing  96-bit keys ->  64-bit hashes,   300000 reps.......... worst bias is 0.680667%
Testing 104-bit keys ->  64-bit hashes,   300000 reps.......... worst bias is 0.702667%
Testing 112-bit keys ->  64-bit hashes,   300000 reps.......... worst bias is 0.806667%
Testing 120-bit keys ->  64-bit hashes,   300000 reps.......... worst bias is 0.664000%
Testing 128-bit keys ->  64-bit hashes,   300000 reps.......... worst bias is 0.671333%
Testing 136-bit keys ->  64-bit hashes,   300000 reps.......... worst bias is 0.669333%
Testing 144-bit keys ->  64-bit hashes,   300000 reps.......... worst bias is 0.714667%
Testing 152-bit keys ->  64-bit hashes,   300000 reps.......... worst bias is 0.640000%


Input vcode 0x00000001, Output vcode 0x00000001, Result vcode 0x00000001
Verification value is 0x00000001 - Testing took 155.467139 seconds
-------------------------------------------------------------------------------
