-------------------------------------------------------------------------------
--- Testing Funny64 "FunnyHash for x86, 64-bit"

[[[ Avalanche Tests ]]]

Testing  24-bit keys ->  64-bit hashes,   300000 reps.......... worst bias is 0.803333%
Testing  32-bit keys ->  64-bit hashes,   300000 reps.......... worst bias is 0.666000%
Testing  40-bit keys ->  64-bit hashes,   300000 reps.......... worst bias is 0.719333%
Testing  48-bit keys ->  64-bit hashes,   300000 reps.......... worst bias is 0.696000%
Testing  56-bit keys ->  64-bit hashes,   300000 reps.......... worst bias is 0.672667%
Testing  64-bit keys ->  64-bit hashes,   300000 reps.......... worst bias is 0.670667%
Testing  72-bit keys ->  64-bit hashes,   300000 reps.......... worst bias is 0.664667%
Testing  80-bit keys ->  64-bit hashes,   300000 reps.......... worst bias is 0.741333%
Testing  88-bit keys ->  64-bit hashes,   300000 reps.......... worst bias is 0.712000%
Testing  96-bit keys ->  64-bit hashes,   300000 reps.......... worst bias is 0.691333%
Testing 104-bit keys ->  64-bit hashes,   300000 reps.......... worst bias is 0.828667%
Testing 112-bit keys ->  64-bit hashes,   300000 reps.......... worst bias is 0.685333%
Testing 120-bit keys ->  64-bit hashes,   300000 reps.......... worst bias is 0.764667%
Testing 128-bit keys ->  64-bit hashes,   300000 reps.......... worst bias is 0.671333%
Testing 136-bit keys ->  64-bit hashes,   300000 reps.......... worst bias is 0.711333%
Testing 144-bit keys ->  64-bit hashes,   300000 reps.......... worst bias is 0.756000%
Testing 152-bit keys ->  64-bit hashes,   300000 reps.......... worst bias is 0.664667%


Input vcode 0x00000001, Output vcode 0x00000001, Result vcode 0x00000001
Verification value is 0x00000001 - Testing took 143.712935 seconds
-------------------------------------------------------------------------------
