-------------------------------------------------------------------------------
--- Testing Funny64 "FunnyHash for x86, 64-bit"

[[[ Avalanche Tests ]]]

Testing  24-bit keys ->  64-bit hashes,   300000 reps.......... worst bias is 0.672000%
Testing  32-bit keys ->  64-bit hashes,   300000 reps.......... worst bias is 0.659333%
Testing  40-bit keys ->  64-bit hashes,   300000 reps.......... worst bias is 0.608667%
Testing  48-bit keys ->  64-bit hashes,   300000 reps.......... worst bias is 0.668000%
Testing  56-bit keys ->  64-bit hashes,   300000 reps.......... worst bias is 0.730000%
Testing  64-bit keys ->  64-bit hashes,   300000 reps.......... worst bias is 0.656000%
Testing  72-bit keys ->  64-bit hashes,   300000 reps.......... worst bias is 0.712000%
Testing  80-bit keys ->  64-bit hashes,   300000 reps.......... worst bias is 0.778667%
Testing  88-bit keys ->  64-bit hashes,   300000 reps.......... worst bias is 0.708000%
Testing  96-bit keys ->  64-bit hashes,   300000 reps.......... worst bias is 0.736667%
Testing 104-bit keys ->  64-bit hashes,   300000 reps.......... worst bias is 0.724000%
Testing 112-bit keys ->  64-bit hashes,   300000 reps.......... worst bias is 0.756667%
Testing 120-bit keys ->  64-bit hashes,   300000 reps.......... worst bias is 0.684000%
Testing 128-bit keys ->  64-bit hashes,   300000 reps.......... worst bias is 0.740000%
Testing 136-bit keys ->  64-bit hashes,   300000 reps.......... worst bias is 0.804667%
Testing 144-bit keys ->  64-bit hashes,   300000 reps.......... worst bias is 0.824667%
Testing 152-bit keys ->  64-bit hashes,   300000 reps.......... worst bias is 0.705333%


Input vcode 0x00000001, Output vcode 0x00000001, Result vcode 0x00000001
Verification value is 0x00000001 - Testing took 108.118014 seconds
-------------------------------------------------------------------------------
