-------------------------------------------------------------------------------
--- Testing Funny64 "FunnyHash for x86, 64-bit"

[[[ Avalanche Tests ]]]

Testing  24-bit keys ->  64-bit hashes,   300000 reps.......... worst bias is 0.781333%
Testing  32-bit keys ->  64-bit hashes,   300000 reps.......... worst bias is 0.648000%
Testing  40-bit keys ->  64-bit hashes,   300000 reps.......... worst bias is 0.672000%
Testing  48-bit keys ->  64-bit hashes,   300000 reps.......... worst bias is 0.709333%
Testing  56-bit keys ->  64-bit hashes,   300000 reps.......... worst bias is 0.687333%
Testing  64-bit keys ->  64-bit hashes,   300000 reps.......... worst bias is 0.730667%
Testing  72-bit keys ->  64-bit hashes,   300000 reps.......... worst bias is 0.681333%
Testing  80-bit keys ->  64-bit hashes,   300000 reps.......... worst bias is 0.672667%
Testing  88-bit keys ->  64-bit hashes,   300000 reps.......... worst bias is 0.635333%
Testing  96-bit keys ->  64-bit hashes,   300000 reps.......... worst bias is 0.658667%
Testing 104-bit keys ->  64-bit hashes,   300000 reps.......... worst bias is 0.724667%
Testing 112-bit keys ->  64-bit hashes,   300000 reps.......... worst bias is 0.816667%
Testing 120-bit keys ->  64-bit hashes,   300000 reps.......... worst bias is 0.666000%
Testing 128-bit keys ->  64-bit hashes,   300000 reps.......... worst bias is 0.783333%
Testing 136-bit keys ->  64-bit hashes,   300000 reps.......... worst bias is 0.621333%
Testing 144-bit keys ->  64-bit hashes,   300000 reps.......... worst bias is 0.767333%
Testing 152-bit keys ->  64-bit hashes,   300000 reps.......... worst bias is 0.672667%


Input vcode 0x00000001, Output vcode 0x00000001, Result vcode 0x00000001
Verification value is 0x00000001 - Testing took 106.603473 seconds
-------------------------------------------------------------------------------
