-------------------------------------------------------------------------------
--- Testing Funny64 "FunnyHash for x86, 64-bit"

[[[ Avalanche Tests ]]]

Testing  24-bit keys ->  64-bit hashes,   300000 reps.......... worst bias is 0.690667%
Testing  32-bit keys ->  64-bit hashes,   300000 reps.......... worst bias is 0.637333%
Testing  40-bit keys ->  64-bit hashes,   300000 reps.......... worst bias is 0.774667%
Testing  48-bit keys ->  64-bit hashes,   300000 reps.......... worst bias is 0.660667%
Testing  56-bit keys ->  64-bit hashes,   300000 reps.......... worst bias is 0.768667%
Testing  64-bit keys ->  64-bit hashes,   300000 reps.......... worst bias is 0.712000%
Testing  72-bit keys ->  64-bit hashes,   300000 reps.......... worst bias is 0.708000%
Testing  80-bit keys ->  64-bit hashes,   300000 reps.......... worst bias is 0.621333%
Testing  88-bit keys ->  64-bit hashes,   300000 reps.......... worst bias is 0.732000%
Testing  96-bit keys ->  64-bit hashes,   300000 reps.......... worst bias is 0.758667%
Testing 104-bit keys ->  64-bit hashes,   300000 reps.......... worst bias is 0.756667%
Testing 112-bit keys ->  64-bit hashes,   300000 reps.......... worst bias is 0.694000%
Testing 120-bit keys ->  64-bit hashes,   300000 reps.......... worst bias is 0.761333%
Testing 128-bit keys ->  64-bit hashes,   300000 reps.......... worst bias is 0.755333%
Testing 136-bit keys ->  64-bit hashes,   300000 reps.......... worst bias is 0.729333%
Testing 144-bit keys ->  64-bit hashes,   300000 reps.......... worst bias is 0.725333%
Testing 152-bit keys ->  64-bit hashes,   300000 reps.......... worst bias is 0.634667%


Input vcode 0x00000001, Output vcode 0x00000001, Result vcode 0x00000001
Verification value is 0x00000001 - Testing took 154.594155 seconds
-------------------------------------------------------------------------------
