-------------------------------------------------------------------------------
--- Testing Funny32 "FunnyHash for x86, 32-bit"

[[[ Avalanche Tests ]]]

Testing  24-bit keys ->  32-bit hashes,   300000 reps.......... worst bias is 0.716000%
Testing  32-bit keys ->  32-bit hashes,   300000 reps.......... worst bias is 0.670667%
Testing  40-bit keys ->  32-bit hashes,   300000 reps.......... worst bias is 0.685333%
Testing  48-bit keys ->  32-bit hashes,   300000 reps.......... worst bias is 0.795333%
Testing  56-bit keys ->  32-bit hashes,   300000 reps.......... worst bias is 0.648000%
Testing  64-bit keys ->  32-bit hashes,   300000 reps.......... worst bias is 0.650667%
Testing  72-bit keys ->  32-bit hashes,   300000 reps.......... worst bias is 0.645333%
Testing  80-bit keys ->  32-bit hashes,   300000 reps.......... worst bias is 0.620667%
Testing  88-bit keys ->  32-bit hashes,   300000 reps.......... worst bias is 0.673333%
Testing  96-bit keys ->  32-bit hashes,   300000 reps.......... worst bias is 0.769333%
Testing 104-bit keys ->  32-bit hashes,   300000 reps.......... worst bias is 0.690667%
Testing 112-bit keys ->  32-bit hashes,   300000 reps.......... worst bias is 0.656667%
Testing 120-bit keys ->  32-bit hashes,   300000 reps.......... worst bias is 0.634667%
Testing 128-bit keys ->  32-bit hashes,   300000 reps.......... worst bias is 0.668000%
Testing 136-bit keys ->  32-bit hashes,   300000 reps.......... worst bias is 0.686000%
Testing 144-bit keys ->  32-bit hashes,   300000 reps.......... worst bias is 0.680000%
Testing 152-bit keys ->  32-bit hashes,   300000 reps.......... worst bias is 0.688000%


Input vcode 0x82bb3ce7, Output vcode 0xc398e0f4, Result vcode 0x00000001
Verification value is 0x00000001 - Testing took 91.557392 seconds
-------------------------------------------------------------------------------
