-------------------------------------------------------------------------------
--- Testing Funny64 "FunnyHash for x86, 64-bit"

[[[ Avalanche Tests ]]]

Testing  24-bit keys ->  64-bit hashes,   300000 reps.......... worst bias is 0.644000%
Testing  32-bit keys ->  64-bit hashes,   300000 reps.......... worst bias is 0.676667%
Testing  40-bit keys ->  64-bit hashes,   300000 reps.......... worst bias is 0.634000%
Testing  48-bit keys ->  64-bit hashes,   300000 reps.......... worst bias is 0.596000%
Testing  56-bit keys ->  64-bit hashes,   300000 reps.......... worst bias is 0.715333%
Testing  64-bit keys ->  64-bit hashes,   300000 reps.......... worst bias is 0.837333%
Testing  72-bit keys ->  64-bit hashes,   300000 reps.......... worst bias is 0.668667%
Testing  80-bit keys ->  64-bit hashes,   300000 reps.......... worst bias is 0.664000%
Testing  88-bit keys ->  64-bit hashes,   300000 reps.......... worst bias is 0.687333%
Testing  96-bit keys ->  64-bit hashes,   300000 reps.......... worst bias is 0.697333%
Testing 104-bit keys ->  64-bit hashes,   300000 reps.......... worst bias is 0.740000%
Testing 112-bit keys ->  64-bit hashes,   300000 reps.......... worst bias is 0.698000%
Testing 120-bit keys ->  64-bit hashes,   300000 reps.......... worst bias is 0.658667%
Testing 128-bit keys ->  64-bit hashes,   300000 reps.......... worst bias is 0.798000%
Testing 136-bit keys ->  64-bit hashes,   300000 reps.......... worst bias is 0.729333%
Testing 144-bit keys ->  64-bit hashes,   300000 reps.......... worst bias is 0.795333%
Testing 152-bit keys ->  64-bit hashes,   300000 reps.......... worst bias is 0.746667%


Input vcode 0x00000001, Output vcode 0x00000001, Result vcode 0x00000001
Verification value is 0x00000001 - Testing took 107.015742 seconds
-------------------------------------------------------------------------------
