-------------------------------------------------------------------------------
--- Testing Funny64 "FunnyHash for x86, 64-bit"

[[[ Avalanche Tests ]]]

Testing  24-bit keys ->  64-bit hashes,   300000 reps.......... worst bias is 0.632667%
Testing  32-bit keys ->  64-bit hashes,   300000 reps.......... worst bias is 0.600000%
Testing  40-bit keys ->  64-bit hashes,   300000 reps.......... worst bias is 0.570667%
Testing  48-bit keys ->  64-bit hashes,   300000 reps.......... worst bias is 0.622667%
Testing  56-bit keys ->  64-bit hashes,   300000 reps.......... worst bias is 0.663333%
Testing  64-bit keys ->  64-bit hashes,   300000 reps.......... worst bias is 0.651333%
Testing  72-bit keys ->  64-bit hashes,   300000 reps.......... worst bias is 0.735333%
Testing  80-bit keys ->  64-bit hashes,   300000 reps.......... worst bias is 0.663333%
Testing  88-bit keys ->  64-bit hashes,   300000 reps.......... worst bias is 0.669333%
Testing  96-bit keys ->  64-bit hashes,   300000 reps.......... worst bias is 0.661333%
Testing 104-bit keys ->  64-bit hashes,   300000 reps.......... worst bias is 0.742000%
Testing 112-bit keys ->  64-bit hashes,   300000 reps.......... worst bias is 0.760667%
Testing 120-bit keys ->  64-bit hashes,   300000 reps.......... worst bias is 0.724667%
Testing 128-bit keys ->  64-bit hashes,   300000 reps.......... worst bias is 0.684667%
Testing 136-bit keys ->  64-bit hashes,   300000 reps.......... worst bias is 0.892667%
Testing 144-bit keys ->  64-bit hashes,   300000 reps.......... worst bias is 0.742667%
Testing 152-bit keys ->  64-bit hashes,   300000 reps.......... worst bias is 0.736667%


Input vcode 0x00000001, Output vcode 0x00000001, Result vcode 0x00000001
Verification value is 0x00000001 - Testing took 106.948821 seconds
-------------------------------------------------------------------------------
