-------------------------------------------------------------------------------
--- Testing Funny32 "FunnyHash for x86, 32-bit"

[[[ Avalanche Tests ]]]

Testing  24-bit keys ->  32-bit hashes,   300000 reps.......... worst bias is 0.593333%
Testing  32-bit keys ->  32-bit hashes,   300000 reps.......... worst bias is 0.562000%
Testing  40-bit keys ->  32-bit hashes,   300000 reps.......... worst bias is 0.608667%
Testing  48-bit keys ->  32-bit hashes,   300000 reps.......... worst bias is 0.633333%
Testing  56-bit keys ->  32-bit hashes,   300000 reps.......... worst bias is 0.700000%
Testing  64-bit keys ->  32-bit hashes,   300000 reps.......... worst bias is 0.662667%
Testing  72-bit keys ->  32-bit hashes,   300000 reps.......... worst bias is 0.642667%
Testing  80-bit keys ->  32-bit hashes,   300000 reps.......... worst bias is 0.638667%
Testing  88-bit keys ->  32-bit hashes,   300000 reps.......... worst bias is 0.769333%
Testing  96-bit keys ->  32-bit hashes,   300000 reps.......... worst bias is 0.682667%
Testing 104-bit keys ->  32-bit hashes,   300000 reps.......... worst bias is 0.764000%
Testing 112-bit keys ->  32-bit hashes,   300000 reps.......... worst bias is 0.707333%
Testing 120-bit keys ->  32-bit hashes,   300000 reps.......... worst bias is 0.614000%
Testing 128-bit keys ->  32-bit hashes,   300000 reps.......... worst bias is 0.684667%
Testing 136-bit keys ->  32-bit hashes,   300000 reps.......... worst bias is 0.622667%
Testing 144-bit keys ->  32-bit hashes,   300000 reps.......... worst bias is 0.668667%
Testing 152-bit keys ->  32-bit hashes,   300000 reps.......... worst bias is 0.648000%


Input vcode 0x82bb3ce7, Output vcode 0x5cb8c29a, Result vcode 0x00000001
Verification value is 0x00000001 - Testing took 91.507922 seconds
-------------------------------------------------------------------------------
