-------------------------------------------------------------------------------
--- Testing Funny64 "FunnyHash for x86, 64-bit"

[[[ Avalanche Tests ]]]

Testing  24-bit keys ->  64-bit hashes,   300000 reps.......... worst bias is 0.663333%
Testing  32-bit keys ->  64-bit hashes,   300000 reps.......... worst bias is 0.744000%
Testing  40-bit keys ->  64-bit hashes,   300000 reps.......... worst bias is 0.704667%
Testing  48-bit keys ->  64-bit hashes,   300000 reps.......... worst bias is 0.738667%
Testing  56-bit keys ->  64-bit hashes,   300000 reps.......... worst bias is 0.664667%
Testing  64-bit keys ->  64-bit hashes,   300000 reps.......... worst bias is 0.699333%
Testing  72-bit keys ->  64-bit hashes,   300000 reps.......... worst bias is 0.670000%
Testing  80-bit keys ->  64-bit hashes,   300000 reps.......... worst bias is 0.614000%
Testing  88-bit keys ->  64-bit hashes,   300000 reps.......... worst bias is 0.721333%
Testing  96-bit keys ->  64-bit hashes,   300000 reps.......... worst bias is 0.638667%
Testing 104-bit keys ->  64-bit hashes,   300000 reps.......... worst bias is 0.756667%
Testing 112-bit keys ->  64-bit hashes,   300000 reps.......... worst bias is 0.715333%
Testing 120-bit keys ->  64-bit hashes,   300000 reps.......... worst bias is 0.728667%
Testing 128-bit keys ->  64-bit hashes,   300000 reps.......... worst bias is 0.772667%
Testing 136-bit keys ->  64-bit hashes,   300000 reps.......... worst bias is 0.874667%
Testing 144-bit keys ->  64-bit hashes,   300000 reps.......... worst bias is 0.755333%
Testing 152-bit keys ->  64-bit hashes,   300000 reps.......... worst bias is 0.738667%


Input vcode 0x00000001, Output vcode 0x00000001, Result vcode 0x00000001
Verification value is 0x00000001 - Testing took 143.597588 seconds
-------------------------------------------------------------------------------
