-------------------------------------------------------------------------------
--- Testing Funny64 "FunnyHash for x86, 64-bit"

[[[ Avalanche Tests ]]]

Testing  24-bit keys ->  64-bit hashes,   300000 reps.......... worst bias is 0.670667%
Testing  32-bit keys ->  64-bit hashes,   300000 reps.......... worst bias is 0.668667%
Testing  40-bit keys ->  64-bit hashes,   300000 reps.......... worst bias is 0.594667%
Testing  48-bit keys ->  64-bit hashes,   300000 reps.......... worst bias is 0.655333%
Testing  56-bit keys ->  64-bit hashes,   300000 reps.......... worst bias is 0.687333%
Testing  64-bit keys ->  64-bit hashes,   300000 reps.......... worst bias is 0.709333%
Testing  72-bit keys ->  64-bit hashes,   300000 reps.......... worst bias is 0.756000%
Testing  80-bit keys ->  64-bit hashes,   300000 reps.......... worst bias is 0.652000%
Testing  88-bit keys ->  64-bit hashes,   300000 reps.......... worst bias is 0.678000%
Testing  96-bit keys ->  64-bit hashes,   300000 reps.......... worst bias is 0.822667%
Testing 104-bit keys ->  64-bit hashes,   300000 reps.......... worst bias is 0.704667%
Testing 112-bit keys ->  64-bit hashes,   300000 reps.......... worst bias is 0.740667%
Testing 120-bit keys ->  64-bit hashes,   300000 reps.......... worst bias is 0.684000%
Testing 128-bit keys ->  64-bit hashes,   300000 reps.......... worst bias is 0.680000%
Testing 136-bit keys ->  64-bit hashes,   300000 reps.......... worst bias is 0.695333%
Testing 144-bit keys ->  64-bit hashes,   300000 reps.......... worst bias is 0.708667%
Testing 152-bit keys ->  64-bit hashes,   300000 reps.......... worst bias is 0.673333%


Input vcode 0x00000001, Output vcode 0x00000001, Result vcode 0x00000001
Verification value is 0x00000001 - Testing took 106.434397 seconds
-------------------------------------------------------------------------------
