-------------------------------------------------------------------------------
--- Testing Funny32 "FunnyHash for x86, 32-bit"

[[[ Avalanche Tests ]]]

Testing  24-bit keys ->  32-bit hashes,   300000 reps.......... worst bias is 0.686667%
Testing  32-bit keys ->  32-bit hashes,   300000 reps.......... worst bias is 0.578000%
Testing  40-bit keys ->  32-bit hashes,   300000 reps.......... worst bias is 0.644000%
Testing  48-bit keys ->  32-bit hashes,   300000 reps.......... worst bias is 0.650667%
Testing  56-bit keys ->  32-bit hashes,   300000 reps.......... worst bias is 0.622000%
Testing  64-bit keys ->  32-bit hashes,   300000 reps.......... worst bias is 0.643333%
Testing  72-bit keys ->  32-bit hashes,   300000 reps.......... worst bias is 0.654667%
Testing  80-bit keys ->  32-bit hashes,   300000 reps.......... worst bias is 0.722000%
Testing  88-bit keys ->  32-bit hashes,   300000 reps.......... worst bias is 0.734000%
Testing  96-bit keys ->  32-bit hashes,   300000 reps.......... worst bias is 0.774000%
Testing 104-bit keys ->  32-bit hashes,   300000 reps.......... worst bias is 0.612000%
Testing 112-bit keys ->  32-bit hashes,   300000 reps.......... worst bias is 0.725333%
Testing 120-bit keys ->  32-bit hashes,   300000 reps.......... worst bias is 0.664000%
Testing 128-bit keys ->  32-bit hashes,   300000 reps.......... worst bias is 0.764667%
Testing 136-bit keys ->  32-bit hashes,   300000 reps.......... worst bias is 0.720000%
Testing 144-bit keys ->  32-bit hashes,   300000 reps.......... worst bias is 0.792667%
Testing 152-bit keys ->  32-bit hashes,   300000 reps.......... worst bias is 0.735333%


Input vcode 0x82bb3ce7, Output vcode 0x3c395ef0, Result vcode 0x00000001
Verification value is 0x00000001 - Testing took 91.579240 seconds
-------------------------------------------------------------------------------
