-------------------------------------------------------------------------------
--- Testing Funny64 "FunnyHash for x86, 64-bit"

[[[ Avalanche Tests ]]]

Testing  24-bit keys ->  64-bit hashes,   300000 reps.......... worst bias is 0.687333%
Testing  32-bit keys ->  64-bit hashes,   300000 reps.......... worst bias is 0.797333%
Testing  40-bit keys ->  64-bit hashes,   300000 reps.......... worst bias is 0.772667%
Testing  48-bit keys ->  64-bit hashes,   300000 reps.......... worst bias is 0.706000%
Testing  56-bit keys ->  64-bit hashes,   300000 reps.......... worst bias is 0.758000%
Testing  64-bit keys ->  64-bit hashes,   300000 reps.......... worst bias is 0.708000%
Testing  72-bit keys ->  64-bit hashes,   300000 reps.......... worst bias is 0.862667%
Testing  80-bit keys ->  64-bit hashes,   300000 reps.......... worst bias is 0.698667%
Testing  88-bit keys ->  64-bit hashes,   300000 reps.......... worst bias is 0.742667%
Testing  96-bit keys ->  64-bit hashes,   300000 reps.......... worst bias is 0.830000%
Testing 104-bit keys ->  64-bit hashes,   300000 reps.......... worst bias is 0.749333%
Testing 112-bit keys ->  64-bit hashes,   300000 reps.......... worst bias is 0.719333%
Testing 120-bit keys ->  64-bit hashes,   300000 reps.......... worst bias is 0.760000%
Testing 128-bit keys ->  64-bit hashes,   300000 reps.......... worst bias is 0.686667%
Testing 136-bit keys ->  64-bit hashes,   300000 reps.......... worst bias is 0.670000%
Testing 144-bit keys ->  64-bit hashes,   300000 reps.......... worst bias is 0.726000%
Testing 152-bit keys ->  64-bit hashes,   300000 reps.......... worst bias is 0.732667%


Input vcode 0x00000001, Output vcode 0x00000001, Result vcode 0x00000001
Verification value is 0x00000001 - Testing took 150.694540 seconds
-------------------------------------------------------------------------------
