-------------------------------------------------------------------------------
--- Testing Funny64 "FunnyHash for x86, 64-bit"

[[[ Avalanche Tests ]]]

Testing  24-bit keys ->  64-bit hashes,   300000 reps.......... worst bias is 0.670000%
Testing  32-bit keys ->  64-bit hashes,   300000 reps.......... worst bias is 0.766000%
Testing  40-bit keys ->  64-bit hashes,   300000 reps.......... worst bias is 0.702667%
Testing  48-bit keys ->  64-bit hashes,   300000 reps.......... worst bias is 0.738000%
Testing  56-bit keys ->  64-bit hashes,   300000 reps.......... worst bias is 0.680000%
Testing  64-bit keys ->  64-bit hashes,   300000 reps.......... worst bias is 0.672000%
Testing  72-bit keys ->  64-bit hashes,   300000 reps.......... worst bias is 0.745333%
Testing  80-bit keys ->  64-bit hashes,   300000 reps.......... worst bias is 0.737333%
Testing  88-bit keys ->  64-bit hashes,   300000 reps.......... worst bias is 0.748667%
Testing  96-bit keys ->  64-bit hashes,   300000 reps.......... worst bias is 0.717333%
Testing 104-bit keys ->  64-bit hashes,   300000 reps.......... worst bias is 0.687333%
Testing 112-bit keys ->  64-bit hashes,   300000 reps.......... worst bias is 0.709333%
Testing 120-bit keys ->  64-bit hashes,   300000 reps.......... worst bias is 0.677333%
Testing 128-bit keys ->  64-bit hashes,   300000 reps.......... worst bias is 0.741333%
Testing 136-bit keys ->  64-bit hashes,   300000 reps.......... worst bias is 0.768667%
Testing 144-bit keys ->  64-bit hashes,   300000 reps.......... worst bias is 0.836667%
Testing 152-bit keys ->  64-bit hashes,   300000 reps.......... worst bias is 0.723333%


Input vcode 0x00000001, Output vcode 0x00000001, Result vcode 0x00000001
Verification value is 0x00000001 - Testing took 133.947189 seconds
-------------------------------------------------------------------------------
