-------------------------------------------------------------------------------
--- Testing Funny32 "FunnyHash for x86, 32-bit"

[[[ Avalanche Tests ]]]

Testing  24-bit keys ->  32-bit hashes,   300000 reps.......... worst bias is 0.623333%
Testing  32-bit keys ->  32-bit hashes,   300000 reps.......... worst bias is 0.610000%
Testing  40-bit keys ->  32-bit hashes,   300000 reps.......... worst bias is 0.614000%
Testing  48-bit keys ->  32-bit hashes,   300000 reps.......... worst bias is 0.630667%
Testing  56-bit keys ->  32-bit hashes,   300000 reps.......... worst bias is 0.658000%
Testing  64-bit keys ->  32-bit hashes,   300000 reps.......... worst bias is 0.667333%
Testing  72-bit keys ->  32-bit hashes,   300000 reps.......... worst bias is 0.627333%
Testing  80-bit keys ->  32-bit hashes,   300000 reps.......... worst bias is 0.678000%
Testing  88-bit keys ->  32-bit hashes,   300000 reps.......... worst bias is 0.715333%
Testing  96-bit keys ->  32-bit hashes,   300000 reps.......... worst bias is 0.723333%
Testing 104-bit keys ->  32-bit hashes,   300000 reps.......... worst bias is 0.706000%
Testing 112-bit keys ->  32-bit hashes,   300000 reps.......... worst bias is 0.670667%
Testing 120-bit keys ->  32-bit hashes,   300000 reps.......... worst bias is 0.629333%
Testing 128-bit keys ->  32-bit hashes,   300000 reps.......... worst bias is 0.695333%
Testing 136-bit keys ->  32-bit hashes,   300000 reps.......... worst bias is 0.614000%
Testing 144-bit keys ->  32-bit hashes,   300000 reps.......... worst bias is 0.668000%
Testing 152-bit keys ->  32-bit hashes,   300000 reps.......... worst bias is 0.710000%


Input vcode 0x82bb3ce7, Output vcode 0xe581eaf3, Result vcode 0x00000001
Verification value is 0x00000001 - Testing took 91.561789 seconds
-------------------------------------------------------------------------------
