-------------------------------------------------------------------------------
--- Testing Funny64 "FunnyHash for x86, 64-bit"

[[[ Avalanche Tests ]]]

Testing  24-bit keys ->  64-bit hashes,   300000 reps.......... worst bias is 0.701333%
Testing  32-bit keys ->  64-bit hashes,   300000 reps.......... worst bias is 0.636667%
Testing  40-bit keys ->  64-bit hashes,   300000 reps.......... worst bias is 0.612000%
Testing  48-bit keys ->  64-bit hashes,   300000 reps.......... worst bias is 0.640667%
Testing  56-bit keys ->  64-bit hashes,   300000 reps.......... worst bias is 0.699333%
Testing  64-bit keys ->  64-bit hashes,   300000 reps.......... worst bias is 0.660667%
Testing  72-bit keys ->  64-bit hashes,   300000 reps.......... worst bias is 0.667333%
Testing  80-bit keys ->  64-bit hashes,   300000 reps.......... worst bias is 0.776000%
Testing  88-bit keys ->  64-bit hashes,   300000 reps.......... worst bias is 0.652667%
Testing  96-bit keys ->  64-bit hashes,   300000 reps.......... worst bias is 0.725333%
Testing 104-bit keys ->  64-bit hashes,   300000 reps.......... worst bias is 0.763333%
Testing 112-bit keys ->  64-bit hashes,   300000 reps.......... worst bias is 0.707333%
Testing 120-bit keys ->  64-bit hashes,   300000 reps.......... worst bias is 0.753333%
Testing 128-bit keys ->  64-bit hashes,   300000 reps.......... worst bias is 0.643333%
Testing 136-bit keys ->  64-bit hashes,   300000 reps.......... worst bias is 0.769333%
Testing 144-bit keys ->  64-bit hashes,   300000 reps.......... worst bias is 0.711333%
Testing 152-bit keys ->  64-bit hashes,   300000 reps.......... worst bias is 0.730667%


Input vcode 0x00000001, Output vcode 0x00000001, Result vcode 0x00000001
Verification value is 0x00000001 - Testing took 107.534025 seconds
-------------------------------------------------------------------------------
