-------------------------------------------------------------------------------
--- Testing Funny64 "FunnyHash for x86, 64-bit"

[[[ Avalanche Tests ]]]

Testing  24-bit keys ->  64-bit hashes,   300000 reps.......... worst bias is 0.680667%
Testing  32-bit keys ->  64-bit hashes,   300000 reps.......... worst bias is 0.686000%
Testing  40-bit keys ->  64-bit hashes,   300000 reps.......... worst bias is 0.624000%
Testing  48-bit keys ->  64-bit hashes,   300000 reps.......... worst bias is 0.615333%
Testing  56-bit keys ->  64-bit hashes,   300000 reps.......... worst bias is 0.695333%
Testing  64-bit keys ->  64-bit hashes,   300000 reps.......... worst bias is 0.725333%
Testing  72-bit keys ->  64-bit hashes,   300000 reps.......... worst bias is 0.694000%
Testing  80-bit keys ->  64-bit hashes,   300000 reps.......... worst bias is 0.650000%
Testing  88-bit keys ->  64-bit hashes,   300000 reps.......... worst bias is 0.719333%
Testing  96-bit keys ->  64-bit hashes,   300000 reps.......... worst bias is 0.654000%
Testing 104-bit keys ->  64-bit hashes,   300000 reps.......... worst bias is 0.860000%
Testing 112-bit keys ->  64-bit hashes,   300000 reps.......... worst bias is 0.656667%
Testing 120-bit keys ->  64-bit hashes,   300000 reps.......... worst bias is 0.788667%
Testing 128-bit keys ->  64-bit hashes,   300000 reps.......... worst bias is 0.774000%
Testing 136-bit keys ->  64-bit hashes,   300000 reps.......... worst bias is 0.710000%
Testing 144-bit keys ->  64-bit hashes,   300000 reps.......... worst bias is 0.772667%
Testing 152-bit keys ->  64-bit hashes,   300000 reps.......... worst bias is 0.774000%


Input vcode 0x00000001, Output vcode 0x00000001, Result vcode 0x00000001
Verification value is 0x00000001 - Testing took 129.370991 seconds
-------------------------------------------------------------------------------
