-------------------------------------------------------------------------------
--- Testing Funny64 "FunnyHash for x86, 64-bit"

[[[ Avalanche Tests ]]]

Testing  24-bit keys ->  64-bit hashes,   300000 reps.......... worst bias is 0.688667%
Testing  32-bit keys ->  64-bit hashes,   300000 reps.......... worst bias is 0.637333%
Testing  40-bit keys ->  64-bit hashes,   300000 reps.......... worst bias is 0.684000%
Testing  48-bit keys ->  64-bit hashes,   300000 reps.......... worst bias is 0.620000%
Testing  56-bit keys ->  64-bit hashes,   300000 reps.......... worst bias is 0.794000%
Testing  64-bit keys ->  64-bit hashes,   300000 reps.......... worst bias is 0.600000%
Testing  72-bit keys ->  64-bit hashes,   300000 reps.......... worst bias is 0.810667%
Testing  80-bit keys ->  64-bit hashes,   300000 reps.......... worst bias is 0.876667%
Testing  88-bit keys ->  64-bit hashes,   300000 reps.......... worst bias is 0.646667%
Testing  96-bit keys ->  64-bit hashes,   300000 reps.......... worst bias is 0.698667%
Testing 104-bit keys ->  64-bit hashes,   300000 reps.......... worst bias is 0.684667%
Testing 112-bit keys ->  64-bit hashes,   300000 reps.......... worst bias is 0.789333%
Testing 120-bit keys ->  64-bit hashes,   300000 reps.......... worst bias is 0.632667%
Testing 128-bit keys ->  64-bit hashes,   300000 reps.......... worst bias is 0.764667%
Testing 136-bit keys ->  64-bit hashes,   300000 reps.......... worst bias is 0.713333%
Testing 144-bit keys ->  64-bit hashes,   300000 reps.......... worst bias is 0.778000%
Testing 152-bit keys ->  64-bit hashes,   300000 reps.......... worst bias is 0.821333%


Input vcode 0x00000001, Output vcode 0x00000001, Result vcode 0x00000001
Verification value is 0x00000001 - Testing took 106.579879 seconds
-------------------------------------------------------------------------------
