-------------------------------------------------------------------------------
--- Testing Funny64 "FunnyHash for x86, 64-bit"

[[[ Avalanche Tests ]]]

Testing  24-bit keys ->  64-bit hashes,   300000 reps.......... worst bias is 0.879333%
Testing  32-bit keys ->  64-bit hashes,   300000 reps.......... worst bias is 0.642000%
Testing  40-bit keys ->  64-bit hashes,   300000 reps.......... worst bias is 0.674000%
Testing  48-bit keys ->  64-bit hashes,   300000 reps.......... worst bias is 0.662667%
Testing  56-bit keys ->  64-bit hashes,   300000 reps.......... worst bias is 0.800667%
Testing  64-bit keys ->  64-bit hashes,   300000 reps.......... worst bias is 0.695333%
Testing  72-bit keys ->  64-bit hashes,   300000 reps.......... worst bias is 0.804667%
Testing  80-bit keys ->  64-bit hashes,   300000 reps.......... worst bias is 0.590667%
Testing  88-bit keys ->  64-bit hashes,   300000 reps.......... worst bias is 0.657333%
Testing  96-bit keys ->  64-bit hashes,   300000 reps.......... worst bias is 0.787333%
Testing 104-bit keys ->  64-bit hashes,   300000 reps.......... worst bias is 0.707333%
Testing 112-bit keys ->  64-bit hashes,   300000 reps.......... worst bias is 0.780667%
Testing 120-bit keys ->  64-bit hashes,   300000 reps.......... worst bias is 0.706000%
Testing 128-bit keys ->  64-bit hashes,   300000 reps.......... worst bias is 0.744000%
Testing 136-bit keys ->  64-bit hashes,   300000 reps.......... worst bias is 0.726000%
Testing 144-bit keys ->  64-bit hashes,   300000 reps.......... worst bias is 0.709333%
Testing 152-bit keys ->  64-bit hashes,   300000 reps.......... worst bias is 0.706667%


Input vcode 0x00000001, Output vcode 0x00000001, Result vcode 0x00000001
Verification value is 0x00000001 - Testing took 123.950693 seconds
-------------------------------------------------------------------------------
