-------------------------------------------------------------------------------
--- Testing Funny64 "FunnyHash for x86, 64-bit"

[[[ Avalanche Tests ]]]

Testing  24-bit keys ->  64-bit hashes,   300000 reps.......... worst bias is 0.642667%
Testing  32-bit keys ->  64-bit hashes,   300000 reps.......... worst bias is 0.633333%
Testing  40-bit keys ->  64-bit hashes,   300000 reps.......... worst bias is 0.603333%
Testing  48-bit keys ->  64-bit hashes,   300000 reps.......... worst bias is 0.679333%
Testing  56-bit keys ->  64-bit hashes,   300000 reps.......... worst bias is 0.723333%
Testing  64-bit keys ->  64-bit hashes,   300000 reps.......... worst bias is 0.775333%
Testing  72-bit keys ->  64-bit hashes,   300000 reps.......... worst bias is 0.732667%
Testing  80-bit keys ->  64-bit hashes,   300000 reps.......... worst bias is 0.702000%
Testing  88-bit keys ->  64-bit hashes,   300000 reps.......... worst bias is 0.704667%
Testing  96-bit keys ->  64-bit hashes,   300000 reps.......... worst bias is 0.652000%
Testing 104-bit keys ->  64-bit hashes,   300000 reps.......... worst bias is 0.716667%
Testing 112-bit keys ->  64-bit hashes,   300000 reps.......... worst bias is 0.808667%
Testing 120-bit keys ->  64-bit hashes,   300000 reps.......... worst bias is 0.653333%
Testing 128-bit keys ->  64-bit hashes,   300000 reps.......... worst bias is 0.630000%
Testing 136-bit keys ->  64-bit hashes,   300000 reps.......... worst bias is 0.800000%
Testing 144-bit keys ->  64-bit hashes,   300000 reps.......... worst bias is 0.740667%
Testing 152-bit keys ->  64-bit hashes,   300000 reps.......... worst bias is 0.668000%


Input vcode 0x00000001, Output vcode 0x00000001, Result vcode 0x00000001
Verification value is 0x00000001 - Testing took 107.532307 seconds
-------------------------------------------------------------------------------
