-------------------------------------------------------------------------------
--- Testing Funny64 "FunnyHash for x86, 64-bit"

[[[ Avalanche Tests ]]]

Testing  24-bit keys ->  64-bit hashes,   300000 reps.......... worst bias is 0.708667%
Testing  32-bit keys ->  64-bit hashes,   300000 reps.......... worst bias is 0.618667%
Testing  40-bit keys ->  64-bit hashes,   300000 reps.......... worst bias is 0.649333%
Testing  48-bit keys ->  64-bit hashes,   300000 reps.......... worst bias is 0.707333%
Testing  56-bit keys ->  64-bit hashes,   300000 reps.......... worst bias is 0.634000%
Testing  64-bit keys ->  64-bit hashes,   300000 reps.......... worst bias is 0.719333%
Testing  72-bit keys ->  64-bit hashes,   300000 reps.......... worst bias is 0.674667%
Testing  80-bit keys ->  64-bit hashes,   300000 reps.......... worst bias is 0.678667%
Testing  88-bit keys ->  64-bit hashes,   300000 reps.......... worst bias is 0.677333%
Testing  96-bit keys ->  64-bit hashes,   300000 reps.......... worst bias is 0.696000%
Testing 104-bit keys ->  64-bit hashes,   300000 reps.......... worst bias is 0.748667%
Testing 112-bit keys ->  64-bit hashes,   300000 reps.......... worst bias is 0.728000%
Testing 120-bit keys ->  64-bit hashes,   300000 reps.......... worst bias is 0.644000%
Testing 128-bit keys ->  64-bit hashes,   300000 reps.......... worst bias is 0.711333%
Testing 136-bit keys ->  64-bit hashes,   300000 reps.......... worst bias is 0.692667%
Testing 144-bit keys ->  64-bit hashes,   300000 reps.......... worst bias is 0.670667%
Testing 152-bit keys ->  64-bit hashes,   300000 reps.......... worst bias is 0.650667%


Input vcode 0x00000001, Output vcode 0x00000001, Result vcode 0x00000001
Verification value is 0x00000001 - Testing took 143.927254 seconds
-------------------------------------------------------------------------------
