-------------------------------------------------------------------------------
--- Testing Funny64 "FunnyHash for x86, 64-bit"

[[[ Avalanche Tests ]]]

Testing  24-bit keys ->  64-bit hashes,   300000 reps.......... worst bias is 0.645333%
Testing  32-bit keys ->  64-bit hashes,   300000 reps.......... worst bias is 0.623333%
Testing  40-bit keys ->  64-bit hashes,   300000 reps.......... worst bias is 0.597333%
Testing  48-bit keys ->  64-bit hashes,   300000 reps.......... worst bias is 0.662667%
Testing  56-bit keys ->  64-bit hashes,   300000 reps.......... worst bias is 0.772667%
Testing  64-bit keys ->  64-bit hashes,   300000 reps.......... worst bias is 0.696667%
Testing  72-bit keys ->  64-bit hashes,   300000 reps.......... worst bias is 0.731333%
Testing  80-bit keys ->  64-bit hashes,   300000 reps.......... worst bias is 0.623333%
Testing  88-bit keys ->  64-bit hashes,   300000 reps.......... worst bias is 0.708000%
Testing  96-bit keys ->  64-bit hashes,   300000 reps.......... worst bias is 0.703333%
Testing 104-bit keys ->  64-bit hashes,   300000 reps.......... worst bias is 0.676667%
Testing 112-bit keys ->  64-bit hashes,   300000 reps.......... worst bias is 0.744667%
Testing 120-bit keys ->  64-bit hashes,   300000 reps.......... worst bias is 0.684667%
Testing 128-bit keys ->  64-bit hashes,   300000 reps.......... worst bias is 0.738667%
Testing 136-bit keys ->  64-bit hashes,   300000 reps.......... worst bias is 0.774667%
Testing 144-bit keys ->  64-bit hashes,   300000 reps.......... worst bias is 0.758000%
Testing 152-bit keys ->  64-bit hashes,   300000 reps.......... worst bias is 0.806667%


Input vcode 0x00000001, Output vcode 0x00000001, Result vcode 0x00000001
Verification value is 0x00000001 - Testing took 107.558913 seconds
-------------------------------------------------------------------------------
