-------------------------------------------------------------------------------
--- Testing Funny64 "FunnyHash for x86, 64-bit"

[[[ Avalanche Tests ]]]

Testing  24-bit keys ->  64-bit hashes,   300000 reps.......... worst bias is 0.602667%
Testing  32-bit keys ->  64-bit hashes,   300000 reps.......... worst bias is 0.696667%
Testing  40-bit keys ->  64-bit hashes,   300000 reps.......... worst bias is 0.722000%
Testing  48-bit keys ->  64-bit hashes,   300000 reps.......... worst bias is 0.650667%
Testing  56-bit keys ->  64-bit hashes,   300000 reps.......... worst bias is 0.608000%
Testing  64-bit keys ->  64-bit hashes,   300000 reps.......... worst bias is 0.786000%
Testing  72-bit keys ->  64-bit hashes,   300000 reps.......... worst bias is 0.640000%
Testing  80-bit keys ->  64-bit hashes,   300000 reps.......... worst bias is 0.634667%
Testing  88-bit keys ->  64-bit hashes,   300000 reps.......... worst bias is 0.666667%
Testing  96-bit keys ->  64-bit hashes,   300000 reps.......... worst bias is 0.677333%
Testing 104-bit keys ->  64-bit hashes,   300000 reps.......... worst bias is 0.648000%
Testing 112-bit keys ->  64-bit hashes,   300000 reps.......... worst bias is 0.717333%
Testing 120-bit keys ->  64-bit hashes,   300000 reps.......... worst bias is 0.763333%
Testing 128-bit keys ->  64-bit hashes,   300000 reps.......... worst bias is 0.692000%
Testing 136-bit keys ->  64-bit hashes,   300000 reps.......... worst bias is 0.702000%
Testing 144-bit keys ->  64-bit hashes,   300000 reps.......... worst bias is 0.718667%
Testing 152-bit keys ->  64-bit hashes,   300000 reps.......... worst bias is 0.669333%


Input vcode 0x00000001, Output vcode 0x00000001, Result vcode 0x00000001
Verification value is 0x00000001 - Testing took 134.274064 seconds
-------------------------------------------------------------------------------
