-------------------------------------------------------------------------------
--- Testing Funny64 "FunnyHash for x86, 64-bit"

[[[ Avalanche Tests ]]]

Testing  24-bit keys ->  64-bit hashes,   300000 reps.......... worst bias is 0.595333%
Testing  32-bit keys ->  64-bit hashes,   300000 reps.......... worst bias is 0.658667%
Testing  40-bit keys ->  64-bit hashes,   300000 reps.......... worst bias is 0.680667%
Testing  48-bit keys ->  64-bit hashes,   300000 reps.......... worst bias is 0.696000%
Testing  56-bit keys ->  64-bit hashes,   300000 reps.......... worst bias is 0.721333%
Testing  64-bit keys ->  64-bit hashes,   300000 reps.......... worst bias is 0.666667%
Testing  72-bit keys ->  64-bit hashes,   300000 reps.......... worst bias is 0.691333%
Testing  80-bit keys ->  64-bit hashes,   300000 reps.......... worst bias is 0.723333%
Testing  88-bit keys ->  64-bit hashes,   300000 reps.......... worst bias is 0.727333%
Testing  96-bit keys ->  64-bit hashes,   300000 reps.......... worst bias is 0.663333%
Testing 104-bit keys ->  64-bit hashes,   300000 reps.......... worst bias is 0.791333%
Testing 112-bit keys ->  64-bit hashes,   300000 reps.......... worst bias is 0.670000%
Testing 120-bit keys ->  64-bit hashes,   300000 reps.......... worst bias is 0.646667%
Testing 128-bit keys ->  64-bit hashes,   300000 reps.......... worst bias is 0.693333%
Testing 136-bit keys ->  64-bit hashes,   300000 reps.......... worst bias is 0.682000%
Testing 144-bit keys ->  64-bit hashes,   300000 reps.......... worst bias is 0.662667%
Testing 152-bit keys ->  64-bit hashes,   300000 reps.......... worst bias is 0.758000%


Input vcode 0x00000001, Output vcode 0x00000001, Result vcode 0x00000001
Verification value is 0x00000001 - Testing took 144.186003 seconds
-------------------------------------------------------------------------------
