-------------------------------------------------------------------------------
--- Testing Funny64 "FunnyHash for x86, 64-bit"

[[[ Avalanche Tests ]]]

Testing  24-bit keys ->  64-bit hashes,   300000 reps.......... worst bias is 0.656000%
Testing  32-bit keys ->  64-bit hashes,   300000 reps.......... worst bias is 0.625333%
Testing  40-bit keys ->  64-bit hashes,   300000 reps.......... worst bias is 0.695333%
Testing  48-bit keys ->  64-bit hashes,   300000 reps.......... worst bias is 0.572000%
Testing  56-bit keys ->  64-bit hashes,   300000 reps.......... worst bias is 0.628000%
Testing  64-bit keys ->  64-bit hashes,   300000 reps.......... worst bias is 0.651333%
Testing  72-bit keys ->  64-bit hashes,   300000 reps.......... worst bias is 0.804667%
Testing  80-bit keys ->  64-bit hashes,   300000 reps.......... worst bias is 0.645333%
Testing  88-bit keys ->  64-bit hashes,   300000 reps.......... worst bias is 0.646667%
Testing  96-bit keys ->  64-bit hashes,   300000 reps.......... worst bias is 0.664667%
Testing 104-bit keys ->  64-bit hashes,   300000 reps.......... worst bias is 0.644667%
Testing 112-bit keys ->  64-bit hashes,   300000 reps.......... worst bias is 0.678667%
Testing 120-bit keys ->  64-bit hashes,   300000 reps.......... worst bias is 0.826000%
Testing 128-bit keys ->  64-bit hashes,   300000 reps.......... worst bias is 0.696667%
Testing 136-bit keys ->  64-bit hashes,   300000 reps.......... worst bias is 0.676000%
Testing 144-bit keys ->  64-bit hashes,   300000 reps.......... worst bias is 0.710667%
Testing 152-bit keys ->  64-bit hashes,   300000 reps.......... worst bias is 0.684667%


Input vcode 0x00000001, Output vcode 0x00000001, Result vcode 0x00000001
Verification value is 0x00000001 - Testing took 154.603755 seconds
-------------------------------------------------------------------------------
