-------------------------------------------------------------------------------
--- Testing Funny32 "FunnyHash for x86, 32-bit"

[[[ Avalanche Tests ]]]

Testing  24-bit keys ->  32-bit hashes,   300000 reps.......... worst bias is 0.718667%
Testing  32-bit keys ->  32-bit hashes,   300000 reps.......... worst bias is 0.578000%
Testing  40-bit keys ->  32-bit hashes,   300000 reps.......... worst bias is 0.585333%
Testing  48-bit keys ->  32-bit hashes,   300000 reps.......... worst bias is 0.624667%
Testing  56-bit keys ->  32-bit hashes,   300000 reps.......... worst bias is 0.604000%
Testing  64-bit keys ->  32-bit hashes,   300000 reps.......... worst bias is 0.763333%
Testing  72-bit keys ->  32-bit hashes,   300000 reps.......... worst bias is 0.756667%
Testing  80-bit keys ->  32-bit hashes,   300000 reps.......... worst bias is 0.629333%
Testing  88-bit keys ->  32-bit hashes,   300000 reps.......... worst bias is 0.677333%
Testing  96-bit keys ->  32-bit hashes,   300000 reps.......... worst bias is 0.666000%
Testing 104-bit keys ->  32-bit hashes,   300000 reps.......... worst bias is 0.622000%
Testing 112-bit keys ->  32-bit hashes,   300000 reps.......... worst bias is 0.735333%
Testing 120-bit keys ->  32-bit hashes,   300000 reps.......... worst bias is 0.746000%
Testing 128-bit keys ->  32-bit hashes,   300000 reps.......... worst bias is 0.672000%
Testing 136-bit keys ->  32-bit hashes,   300000 reps.......... worst bias is 0.708667%
Testing 144-bit keys ->  32-bit hashes,   300000 reps.......... worst bias is 0.765333%
Testing 152-bit keys ->  32-bit hashes,   300000 reps.......... worst bias is 0.645333%


Input vcode 0x82bb3ce7, Output vcode 0x56c0e4b7, Result vcode 0x00000001
Verification value is 0x00000001 - Testing took 91.557636 seconds
-------------------------------------------------------------------------------
