-------------------------------------------------------------------------------
--- Testing Funny32 "FunnyHash for x86, 32-bit"

[[[ Avalanche Tests ]]]

Testing  24-bit keys ->  32-bit hashes,   300000 reps.......... worst bias is 0.555333%
Testing  32-bit keys ->  32-bit hashes,   300000 reps.......... worst bias is 0.586000%
Testing  40-bit keys ->  32-bit hashes,   300000 reps.......... worst bias is 0.567333%
Testing  48-bit keys ->  32-bit hashes,   300000 reps.......... worst bias is 0.704000%
Testing  56-bit keys ->  32-bit hashes,   300000 reps.......... worst bias is 0.664000%
Testing  64-bit keys ->  32-bit hashes,   300000 reps.......... worst bias is 0.690000%
Testing  72-bit keys ->  32-bit hashes,   300000 reps.......... worst bias is 0.602000%
Testing  80-bit keys ->  32-bit hashes,   300000 reps.......... worst bias is 0.672000%
Testing  88-bit keys ->  32-bit hashes,   300000 reps.......... worst bias is 0.748667%
Testing  96-bit keys ->  32-bit hashes,   300000 reps.......... worst bias is 0.650000%
Testing 104-bit keys ->  32-bit hashes,   300000 reps.......... worst bias is 0.720667%
Testing 112-bit keys ->  32-bit hashes,   300000 reps.......... worst bias is 0.642667%
Testing 120-bit keys ->  32-bit hashes,   300000 reps.......... worst bias is 0.656000%
Testing 128-bit keys ->  32-bit hashes,   300000 reps.......... worst bias is 0.706000%
Testing 136-bit keys ->  32-bit hashes,   300000 reps.......... worst bias is 0.664000%
Testing 144-bit keys ->  32-bit hashes,   300000 reps.......... worst bias is 0.651333%
Testing 152-bit keys ->  32-bit hashes,   300000 reps.......... worst bias is 0.598667%


Input vcode 0x82bb3ce7, Output vcode 0x41af3c53, Result vcode 0x00000001
Verification value is 0x00000001 - Testing took 91.600397 seconds
-------------------------------------------------------------------------------
