-------------------------------------------------------------------------------
--- Testing Funny32 "FunnyHash for x86, 32-bit"

[[[ Avalanche Tests ]]]

Testing  24-bit keys ->  32-bit hashes,   300000 reps.......... worst bias is 0.574000%
Testing  32-bit keys ->  32-bit hashes,   300000 reps.......... worst bias is 0.694000%
Testing  40-bit keys ->  32-bit hashes,   300000 reps.......... worst bias is 0.648667%
Testing  48-bit keys ->  32-bit hashes,   300000 reps.......... worst bias is 0.664000%
Testing  56-bit keys ->  32-bit hashes,   300000 reps.......... worst bias is 0.598667%
Testing  64-bit keys ->  32-bit hashes,   300000 reps.......... worst bias is 0.761333%
Testing  72-bit keys ->  32-bit hashes,   300000 reps.......... worst bias is 0.656000%
Testing  80-bit keys ->  32-bit hashes,   300000 reps.......... worst bias is 0.658000%
Testing  88-bit keys ->  32-bit hashes,   300000 reps.......... worst bias is 0.675333%
Testing  96-bit keys ->  32-bit hashes,   300000 reps.......... worst bias is 0.706000%
Testing 104-bit keys ->  32-bit hashes,   300000 reps.......... worst bias is 0.758667%
Testing 112-bit keys ->  32-bit hashes,   300000 reps.......... worst bias is 0.714000%
Testing 120-bit keys ->  32-bit hashes,   300000 reps.......... worst bias is 0.640000%
Testing 128-bit keys ->  32-bit hashes,   300000 reps.......... worst bias is 0.717333%
Testing 136-bit keys ->  32-bit hashes,   300000 reps.......... worst bias is 0.714667%
Testing 144-bit keys ->  32-bit hashes,   300000 reps.......... worst bias is 0.666000%
Testing 152-bit keys ->  32-bit hashes,   300000 reps.......... worst bias is 0.715333%


Input vcode 0x82bb3ce7, Output vcode 0x00170d5d, Result vcode 0x00000001
Verification value is 0x00000001 - Testing took 91.955648 seconds
-------------------------------------------------------------------------------
