-------------------------------------------------------------------------------
--- Testing Funny32 "FunnyHash for x86, 32-bit"

[[[ Avalanche Tests ]]]

Testing  24-bit keys ->  32-bit hashes,   300000 reps.......... worst bias is 0.567333%
Testing  32-bit keys ->  32-bit hashes,   300000 reps.......... worst bias is 0.580667%
Testing  40-bit keys ->  32-bit hashes,   300000 reps.......... worst bias is 0.664667%
Testing  48-bit keys ->  32-bit hashes,   300000 reps.......... worst bias is 0.707333%
Testing  56-bit keys ->  32-bit hashes,   300000 reps.......... worst bias is 0.605333%
Testing  64-bit keys ->  32-bit hashes,   300000 reps.......... worst bias is 0.740000%
Testing  72-bit keys ->  32-bit hashes,   300000 reps.......... worst bias is 0.628667%
Testing  80-bit keys ->  32-bit hashes,   300000 reps.......... worst bias is 0.651333%
Testing  88-bit keys ->  32-bit hashes,   300000 reps.......... worst bias is 0.681333%
Testing  96-bit keys ->  32-bit hashes,   300000 reps.......... worst bias is 0.652667%
Testing 104-bit keys ->  32-bit hashes,   300000 reps.......... worst bias is 0.681333%
Testing 112-bit keys ->  32-bit hashes,   300000 reps.......... worst bias is 0.676667%
Testing 120-bit keys ->  32-bit hashes,   300000 reps.......... worst bias is 0.642667%
Testing 128-bit keys ->  32-bit hashes,   300000 reps.......... worst bias is 0.676667%
Testing 136-bit keys ->  32-bit hashes,   300000 reps.......... worst bias is 0.739333%
Testing 144-bit keys ->  32-bit hashes,   300000 reps.......... worst bias is 0.736000%
Testing 152-bit keys ->  32-bit hashes,   300000 reps.......... worst bias is 0.681333%


Input vcode 0x82bb3ce7, Output vcode 0x47744ea7, Result vcode 0x00000001
Verification value is 0x00000001 - Testing took 91.709289 seconds
-------------------------------------------------------------------------------
