-------------------------------------------------------------------------------
--- Testing Funny32 "FunnyHash for x86, 32-bit"

[[[ Avalanche Tests ]]]

Testing  24-bit keys ->  32-bit hashes,   300000 reps.......... worst bias is 0.612000%
Testing  32-bit keys ->  32-bit hashes,   300000 reps.......... worst bias is 0.678000%
Testing  40-bit keys ->  32-bit hashes,   300000 reps.......... worst bias is 0.735333%
Testing  48-bit keys ->  32-bit hashes,   300000 reps.......... worst bias is 0.644000%
Testing  56-bit keys ->  32-bit hashes,   300000 reps.......... worst bias is 0.724000%
Testing  64-bit keys ->  32-bit hashes,   300000 reps.......... worst bias is 0.615333%
Testing  72-bit keys ->  32-bit hashes,   300000 reps.......... worst bias is 0.719333%
Testing  80-bit keys ->  32-bit hashes,   300000 reps.......... worst bias is 0.726000%
Testing  88-bit keys ->  32-bit hashes,   300000 reps.......... worst bias is 0.651333%
Testing  96-bit keys ->  32-bit hashes,   300000 reps.......... worst bias is 0.709333%
Testing 104-bit keys ->  32-bit hashes,   300000 reps.......... worst bias is 0.627333%
Testing 112-bit keys ->  32-bit hashes,   300000 reps.......... worst bias is 0.618667%
Testing 120-bit keys ->  32-bit hashes,   300000 reps.......... worst bias is 0.632000%
Testing 128-bit keys ->  32-bit hashes,   300000 reps.......... worst bias is 0.628667%
Testing 136-bit keys ->  32-bit hashes,   300000 reps.......... worst bias is 0.655333%
Testing 144-bit keys ->  32-bit hashes,   300000 reps.......... worst bias is 0.622000%
Testing 152-bit keys ->  32-bit hashes,   300000 reps.......... worst bias is 0.728000%


Input vcode 0x82bb3ce7, Output vcode 0x246b5af4, Result vcode 0x00000001
Verification value is 0x00000001 - Testing took 91.599252 seconds
-------------------------------------------------------------------------------
