-------------------------------------------------------------------------------
--- Testing Funny64 "FunnyHash for x86, 64-bit"

[[[ Avalanche Tests ]]]

Testing  24-bit keys ->  64-bit hashes,   300000 reps.......... worst bias is 0.694000%
Testing  32-bit keys ->  64-bit hashes,   300000 reps.......... worst bias is 0.640000%
Testing  40-bit keys ->  64-bit hashes,   300000 reps.......... worst bias is 0.657333%
Testing  48-bit keys ->  64-bit hashes,   300000 reps.......... worst bias is 0.776667%
Testing  56-bit keys ->  64-bit hashes,   300000 reps.......... worst bias is 0.619333%
Testing  64-bit keys ->  64-bit hashes,   300000 reps.......... worst bias is 0.649333%
Testing  72-bit keys ->  64-bit hashes,   300000 reps.......... worst bias is 0.773333%
Testing  80-bit keys ->  64-bit hashes,   300000 reps.......... worst bias is 0.659333%
Testing  88-bit keys ->  64-bit hashes,   300000 reps.......... worst bias is 0.683333%
Testing  96-bit keys ->  64-bit hashes,   300000 reps.......... worst bias is 0.654000%
Testing 104-bit keys ->  64-bit hashes,   300000 reps.......... worst bias is 0.796000%
Testing 112-bit keys ->  64-bit hashes,   300000 reps.......... worst bias is 0.778667%
Testing 120-bit keys ->  64-bit hashes,   300000 reps.......... worst bias is 0.694667%
Testing 128-bit keys ->  64-bit hashes,   300000 reps.......... worst bias is 0.671333%
Testing 136-bit keys ->  64-bit hashes,   300000 reps.......... worst bias is 0.733333%
Testing 144-bit keys ->  64-bit hashes,   300000 reps.......... worst bias is 0.820667%
Testing 152-bit keys ->  64-bit hashes,   300000 reps.......... worst bias is 0.681333%


Input vcode 0x00000001, Output vcode 0x00000001, Result vcode 0x00000001
Verification value is 0x00000001 - Testing took 148.449296 seconds
-------------------------------------------------------------------------------
