-------------------------------------------------------------------------------
--- Testing Funny64 "FunnyHash for x86, 64-bit"

[[[ Avalanche Tests ]]]

Testing  24-bit keys ->  64-bit hashes,   300000 reps.......... worst bias is 0.636000%
Testing  32-bit keys ->  64-bit hashes,   300000 reps.......... worst bias is 0.670000%
Testing  40-bit keys ->  64-bit hashes,   300000 reps.......... worst bias is 0.742000%
Testing  48-bit keys ->  64-bit hashes,   300000 reps.......... worst bias is 0.654000%
Testing  56-bit keys ->  64-bit hashes,   300000 reps.......... worst bias is 0.606000%
Testing  64-bit keys ->  64-bit hashes,   300000 reps.......... worst bias is 0.634000%
Testing  72-bit keys ->  64-bit hashes,   300000 reps.......... worst bias is 0.754000%
Testing  80-bit keys ->  64-bit hashes,   300000 reps.......... worst bias is 0.743333%
Testing  88-bit keys ->  64-bit hashes,   300000 reps.......... worst bias is 0.674000%
Testing  96-bit keys ->  64-bit hashes,   300000 reps.......... worst bias is 0.730667%
Testing 104-bit keys ->  64-bit hashes,   300000 reps.......... worst bias is 0.706000%
Testing 112-bit keys ->  64-bit hashes,   300000 reps.......... worst bias is 0.732000%
Testing 120-bit keys ->  64-bit hashes,   300000 reps.......... worst bias is 0.688667%
Testing 128-bit keys ->  64-bit hashes,   300000 reps.......... worst bias is 0.706667%
Testing 136-bit keys ->  64-bit hashes,   300000 reps.......... worst bias is 0.707333%
Testing 144-bit keys ->  64-bit hashes,   300000 reps.......... worst bias is 0.746667%
Testing 152-bit keys ->  64-bit hashes,   300000 reps.......... worst bias is 0.793333%


Input vcode 0x00000001, Output vcode 0x00000001, Result vcode 0x00000001
Verification value is 0x00000001 - Testing took 153.730778 seconds
-------------------------------------------------------------------------------
