-------------------------------------------------------------------------------
--- Testing Funny64 "FunnyHash for x86, 64-bit"

[[[ Avalanche Tests ]]]

Testing  24-bit keys ->  64-bit hashes,   300000 reps.......... worst bias is 0.680000%
Testing  32-bit keys ->  64-bit hashes,   300000 reps.......... worst bias is 0.623333%
Testing  40-bit keys ->  64-bit hashes,   300000 reps.......... worst bias is 0.640000%
Testing  48-bit keys ->  64-bit hashes,   300000 reps.......... worst bias is 0.698000%
Testing  56-bit keys ->  64-bit hashes,   300000 reps.......... worst bias is 0.758667%
Testing  64-bit keys ->  64-bit hashes,   300000 reps.......... worst bias is 0.689333%
Testing  72-bit keys ->  64-bit hashes,   300000 reps.......... worst bias is 0.724667%
Testing  80-bit keys ->  64-bit hashes,   300000 reps.......... worst bias is 0.647333%
Testing  88-bit keys ->  64-bit hashes,   300000 reps.......... worst bias is 0.692667%
Testing  96-bit keys ->  64-bit hashes,   300000 reps.......... worst bias is 0.680000%
Testing 104-bit keys ->  64-bit hashes,   300000 reps.......... worst bias is 0.698000%
Testing 112-bit keys ->  64-bit hashes,   300000 reps.......... worst bias is 0.752000%
Testing 120-bit keys ->  64-bit hashes,   300000 reps.......... worst bias is 0.755333%
Testing 128-bit keys ->  64-bit hashes,   300000 reps.......... worst bias is 0.744667%
Testing 136-bit keys ->  64-bit hashes,   300000 reps.......... worst bias is 0.798667%
Testing 144-bit keys ->  64-bit hashes,   300000 reps.......... worst bias is 0.898000%
Testing 152-bit keys ->  64-bit hashes,   300000 reps.......... worst bias is 0.787333%


Input vcode 0x00000001, Output vcode 0x00000001, Result vcode 0x00000001
Verification value is 0x00000001 - Testing took 107.357607 seconds
-------------------------------------------------------------------------------
