-------------------------------------------------------------------------------
--- Testing Funny64 "FunnyHash for x86, 64-bit"

[[[ Avalanche Tests ]]]

Testing  24-bit keys ->  64-bit hashes,   300000 reps.......... worst bias is 0.839333%
Testing  32-bit keys ->  64-bit hashes,   300000 reps.......... worst bias is 0.668667%
Testing  40-bit keys ->  64-bit hashes,   300000 reps.......... worst bias is 0.638000%
Testing  48-bit keys ->  64-bit hashes,   300000 reps.......... worst bias is 0.748667%
Testing  56-bit keys ->  64-bit hashes,   300000 reps.......... worst bias is 0.683333%
Testing  64-bit keys ->  64-bit hashes,   300000 reps.......... worst bias is 0.701333%
Testing  72-bit keys ->  64-bit hashes,   300000 reps.......... worst bias is 0.636667%
Testing  80-bit keys ->  64-bit hashes,   300000 reps.......... worst bias is 0.796000%
Testing  88-bit keys ->  64-bit hashes,   300000 reps.......... worst bias is 0.762667%
Testing  96-bit keys ->  64-bit hashes,   300000 reps.......... worst bias is 0.673333%
Testing 104-bit keys ->  64-bit hashes,   300000 reps.......... worst bias is 0.634667%
Testing 112-bit keys ->  64-bit hashes,   300000 reps.......... worst bias is 0.732000%
Testing 120-bit keys ->  64-bit hashes,   300000 reps.......... worst bias is 0.705333%
Testing 128-bit keys ->  64-bit hashes,   300000 reps.......... worst bias is 0.686000%
Testing 136-bit keys ->  64-bit hashes,   300000 reps.......... worst bias is 0.706667%
Testing 144-bit keys ->  64-bit hashes,   300000 reps.......... worst bias is 0.682667%
Testing 152-bit keys ->  64-bit hashes,   300000 reps.......... worst bias is 0.746667%


Input vcode 0x00000001, Output vcode 0x00000001, Result vcode 0x00000001
Verification value is 0x00000001 - Testing took 109.309443 seconds
-------------------------------------------------------------------------------
