-------------------------------------------------------------------------------
--- Testing Funny64 "FunnyHash for x86, 64-bit"

[[[ Avalanche Tests ]]]

Testing  24-bit keys ->  64-bit hashes,   300000 reps.......... worst bias is 0.752000%
Testing  32-bit keys ->  64-bit hashes,   300000 reps.......... worst bias is 0.736000%
Testing  40-bit keys ->  64-bit hashes,   300000 reps.......... worst bias is 0.654667%
Testing  48-bit keys ->  64-bit hashes,   300000 reps.......... worst bias is 0.743333%
Testing  56-bit keys ->  64-bit hashes,   300000 reps.......... worst bias is 0.632000%
Testing  64-bit keys ->  64-bit hashes,   300000 reps.......... worst bias is 0.706667%
Testing  72-bit keys ->  64-bit hashes,   300000 reps.......... worst bias is 0.709333%
Testing  80-bit keys ->  64-bit hashes,   300000 reps.......... worst bias is 0.707333%
Testing  88-bit keys ->  64-bit hashes,   300000 reps.......... worst bias is 0.632667%
Testing  96-bit keys ->  64-bit hashes,   300000 reps.......... worst bias is 0.810000%
Testing 104-bit keys ->  64-bit hashes,   300000 reps.......... worst bias is 0.808667%
Testing 112-bit keys ->  64-bit hashes,   300000 reps.......... worst bias is 0.799333%
Testing 120-bit keys ->  64-bit hashes,   300000 reps.......... worst bias is 0.650667%
Testing 128-bit keys ->  64-bit hashes,   300000 reps.......... worst bias is 0.749333%
Testing 136-bit keys ->  64-bit hashes,   300000 reps.......... worst bias is 0.670000%
Testing 144-bit keys ->  64-bit hashes,   300000 reps.......... worst bias is 0.690667%
Testing 152-bit keys ->  64-bit hashes,   300000 reps.......... worst bias is 0.683333%


Input vcode 0x00000001, Output vcode 0x00000001, Result vcode 0x00000001
Verification value is 0x00000001 - Testing took 106.563526 seconds
-------------------------------------------------------------------------------
