-------------------------------------------------------------------------------
--- Testing Funny64 "FunnyHash for x86, 64-bit"

[[[ Avalanche Tests ]]]

Testing  24-bit keys ->  64-bit hashes,   300000 reps.......... worst bias is 0.648667%
Testing  32-bit keys ->  64-bit hashes,   300000 reps.......... worst bias is 0.582667%
Testing  40-bit keys ->  64-bit hashes,   300000 reps.......... worst bias is 0.650667%
Testing  48-bit keys ->  64-bit hashes,   300000 reps.......... worst bias is 0.660000%
Testing  56-bit keys ->  64-bit hashes,   300000 reps.......... worst bias is 0.805333%
Testing  64-bit keys ->  64-bit hashes,   300000 reps.......... worst bias is 0.630000%
Testing  72-bit keys ->  64-bit hashes,   300000 reps.......... worst bias is 0.688000%
Testing  80-bit keys ->  64-bit hashes,   300000 reps.......... worst bias is 0.613333%
Testing  88-bit keys ->  64-bit hashes,   300000 reps.......... worst bias is 0.789333%
Testing  96-bit keys ->  64-bit hashes,   300000 reps.......... worst bias is 0.646667%
Testing 104-bit keys ->  64-bit hashes,   300000 reps.......... worst bias is 0.628667%
Testing 112-bit keys ->  64-bit hashes,   300000 reps.......... worst bias is 0.732667%
Testing 120-bit keys ->  64-bit hashes,   300000 reps.......... worst bias is 0.662000%
Testing 128-bit keys ->  64-bit hashes,   300000 reps.......... worst bias is 0.804000%
Testing 136-bit keys ->  64-bit hashes,   300000 reps.......... worst bias is 0.751333%
Testing 144-bit keys ->  64-bit hashes,   300000 reps.......... worst bias is 0.786000%
Testing 152-bit keys ->  64-bit hashes,   300000 reps.......... worst bias is 0.708000%


Input vcode 0x00000001, Output vcode 0x00000001, Result vcode 0x00000001
Verification value is 0x00000001 - Testing took 107.451357 seconds
-------------------------------------------------------------------------------
