-------------------------------------------------------------------------------
--- Testing Funny64 "FunnyHash for x86, 64-bit"

[[[ Avalanche Tests ]]]

Testing  24-bit keys ->  64-bit hashes,   300000 reps.......... worst bias is 0.654000%
Testing  32-bit keys ->  64-bit hashes,   300000 reps.......... worst bias is 0.616000%
Testing  40-bit keys ->  64-bit hashes,   300000 reps.......... worst bias is 0.628000%
Testing  48-bit keys ->  64-bit hashes,   300000 reps.......... worst bias is 0.590000%
Testing  56-bit keys ->  64-bit hashes,   300000 reps.......... worst bias is 0.700667%
Testing  64-bit keys ->  64-bit hashes,   300000 reps.......... worst bias is 0.665333%
Testing  72-bit keys ->  64-bit hashes,   300000 reps.......... worst bias is 0.720000%
Testing  80-bit keys ->  64-bit hashes,   300000 reps.......... worst bias is 0.714000%
Testing  88-bit keys ->  64-bit hashes,   300000 reps.......... worst bias is 0.667333%
Testing  96-bit keys ->  64-bit hashes,   300000 reps.......... worst bias is 0.731333%
Testing 104-bit keys ->  64-bit hashes,   300000 reps.......... worst bias is 0.729333%
Testing 112-bit keys ->  64-bit hashes,   300000 reps.......... worst bias is 0.747333%
Testing 120-bit keys ->  64-bit hashes,   300000 reps.......... worst bias is 0.669333%
Testing 128-bit keys ->  64-bit hashes,   300000 reps.......... worst bias is 0.742000%
Testing 136-bit keys ->  64-bit hashes,   300000 reps.......... worst bias is 0.666667%
Testing 144-bit keys ->  64-bit hashes,   300000 reps.......... worst bias is 0.726667%
Testing 152-bit keys ->  64-bit hashes,   300000 reps.......... worst bias is 0.759333%


Input vcode 0x00000001, Output vcode 0x00000001, Result vcode 0x00000001
Verification value is 0x00000001 - Testing took 147.629513 seconds
-------------------------------------------------------------------------------
