-------------------------------------------------------------------------------
--- Testing Funny64 "FunnyHash for x86, 64-bit"

[[[ Avalanche Tests ]]]

Testing  24-bit keys ->  64-bit hashes,   300000 reps.......... worst bias is 0.649333%
Testing  32-bit keys ->  64-bit hashes,   300000 reps.......... worst bias is 0.600667%
Testing  40-bit keys ->  64-bit hashes,   300000 reps.......... worst bias is 0.634667%
Testing  48-bit keys ->  64-bit hashes,   300000 reps.......... worst bias is 0.714667%
Testing  56-bit keys ->  64-bit hashes,   300000 reps.......... worst bias is 0.612667%
Testing  64-bit keys ->  64-bit hashes,   300000 reps.......... worst bias is 0.582667%
Testing  72-bit keys ->  64-bit hashes,   300000 reps.......... worst bias is 0.634667%
Testing  80-bit keys ->  64-bit hashes,   300000 reps.......... worst bias is 0.663333%
Testing  88-bit keys ->  64-bit hashes,   300000 reps.......... worst bias is 0.692000%
Testing  96-bit keys ->  64-bit hashes,   300000 reps.......... worst bias is 0.739333%
Testing 104-bit keys ->  64-bit hashes,   300000 reps.......... worst bias is 0.700667%
Testing 112-bit keys ->  64-bit hashes,   300000 reps.......... worst bias is 0.706667%
Testing 120-bit keys ->  64-bit hashes,   300000 reps.......... worst bias is 0.710667%
Testing 128-bit keys ->  64-bit hashes,   300000 reps.......... worst bias is 0.645333%
Testing 136-bit keys ->  64-bit hashes,   300000 reps.......... worst bias is 0.670000%
Testing 144-bit keys ->  64-bit hashes,   300000 reps.......... worst bias is 0.730667%
Testing 152-bit keys ->  64-bit hashes,   300000 reps.......... worst bias is 0.768667%


Input vcode 0x00000001, Output vcode 0x00000001, Result vcode 0x00000001
Verification value is 0x00000001 - Testing took 150.466969 seconds
-------------------------------------------------------------------------------
