-------------------------------------------------------------------------------
--- Testing Funny64 "FunnyHash for x86, 64-bit"

[[[ Avalanche Tests ]]]

Testing  24-bit keys ->  64-bit hashes,   300000 reps.......... worst bias is 0.703333%
Testing  32-bit keys ->  64-bit hashes,   300000 reps.......... worst bias is 0.614667%
Testing  40-bit keys ->  64-bit hashes,   300000 reps.......... worst bias is 0.698667%
Testing  48-bit keys ->  64-bit hashes,   300000 reps.......... worst bias is 0.686000%
Testing  56-bit keys ->  64-bit hashes,   300000 reps.......... worst bias is 0.643333%
Testing  64-bit keys ->  64-bit hashes,   300000 reps.......... worst bias is 0.628000%
Testing  72-bit keys ->  64-bit hashes,   300000 reps.......... worst bias is 0.679333%
Testing  80-bit keys ->  64-bit hashes,   300000 reps.......... worst bias is 0.614667%
Testing  88-bit keys ->  64-bit hashes,   300000 reps.......... worst bias is 0.700000%
Testing  96-bit keys ->  64-bit hashes,   300000 reps.......... worst bias is 0.722000%
Testing 104-bit keys ->  64-bit hashes,   300000 reps.......... worst bias is 0.770667%
Testing 112-bit keys ->  64-bit hashes,   300000 reps.......... worst bias is 0.804667%
Testing 120-bit keys ->  64-bit hashes,   300000 reps.......... worst bias is 0.684000%
Testing 128-bit keys ->  64-bit hashes,   300000 reps.......... worst bias is 0.739333%
Testing 136-bit keys ->  64-bit hashes,   300000 reps.......... worst bias is 0.675333%
Testing 144-bit keys ->  64-bit hashes,   300000 reps.......... worst bias is 0.660667%
Testing 152-bit keys ->  64-bit hashes,   300000 reps.......... worst bias is 0.660667%


Input vcode 0x00000001, Output vcode 0x00000001, Result vcode 0x00000001
Verification value is 0x00000001 - Testing took 136.629328 seconds
-------------------------------------------------------------------------------
