-------------------------------------------------------------------------------
--- Testing Funny64 "FunnyHash for x86, 64-bit"

[[[ Avalanche Tests ]]]

Testing  24-bit keys ->  64-bit hashes,   300000 reps.......... worst bias is 0.595333%
Testing  32-bit keys ->  64-bit hashes,   300000 reps.......... worst bias is 0.658667%
Testing  40-bit keys ->  64-bit hashes,   300000 reps.......... worst bias is 0.800667%
Testing  48-bit keys ->  64-bit hashes,   300000 reps.......... worst bias is 0.722000%
Testing  56-bit keys ->  64-bit hashes,   300000 reps.......... worst bias is 0.586667%
Testing  64-bit keys ->  64-bit hashes,   300000 reps.......... worst bias is 0.649333%
Testing  72-bit keys ->  64-bit hashes,   300000 reps.......... worst bias is 0.738000%
Testing  80-bit keys ->  64-bit hashes,   300000 reps.......... worst bias is 0.754000%
Testing  88-bit keys ->  64-bit hashes,   300000 reps.......... worst bias is 0.690000%
Testing  96-bit keys ->  64-bit hashes,   300000 reps.......... worst bias is 0.638667%
Testing 104-bit keys ->  64-bit hashes,   300000 reps.......... worst bias is 0.687333%
Testing 112-bit keys ->  64-bit hashes,   300000 reps.......... worst bias is 0.727333%
Testing 120-bit keys ->  64-bit hashes,   300000 reps.......... worst bias is 0.674000%
Testing 128-bit keys ->  64-bit hashes,   300000 reps.......... worst bias is 0.686000%
Testing 136-bit keys ->  64-bit hashes,   300000 reps.......... worst bias is 0.684000%
Testing 144-bit keys ->  64-bit hashes,   300000 reps.......... worst bias is 0.710000%
Testing 152-bit keys ->  64-bit hashes,   300000 reps.......... worst bias is 0.716667%


Input vcode 0x00000001, Output vcode 0x00000001, Result vcode 0x00000001
Verification value is 0x00000001 - Testing took 139.834368 seconds
-------------------------------------------------------------------------------
