-------------------------------------------------------------------------------
--- Testing Funny64 "FunnyHash for x86, 64-bit"

[[[ Avalanche Tests ]]]

Testing  24-bit keys ->  64-bit hashes,   300000 reps.......... worst bias is 0.718667%
Testing  32-bit keys ->  64-bit hashes,   300000 reps.......... worst bias is 0.601333%
Testing  40-bit keys ->  64-bit hashes,   300000 reps.......... worst bias is 0.645333%
Testing  48-bit keys ->  64-bit hashes,   300000 reps.......... worst bias is 0.771333%
Testing  56-bit keys ->  64-bit hashes,   300000 reps.......... worst bias is 0.695333%
Testing  64-bit keys ->  64-bit hashes,   300000 reps.......... worst bias is 0.660000%
Testing  72-bit keys ->  64-bit hashes,   300000 reps.......... worst bias is 0.646000%
Testing  80-bit keys ->  64-bit hashes,   300000 reps.......... worst bias is 0.668000%
Testing  88-bit keys ->  64-bit hashes,   300000 reps.......... worst bias is 0.676667%
Testing  96-bit keys ->  64-bit hashes,   300000 reps.......... worst bias is 0.674667%
Testing 104-bit keys ->  64-bit hashes,   300000 reps.......... worst bias is 0.720000%
Testing 112-bit keys ->  64-bit hashes,   300000 reps.......... worst bias is 0.703333%
Testing 120-bit keys ->  64-bit hashes,   300000 reps.......... worst bias is 0.722000%
Testing 128-bit keys ->  64-bit hashes,   300000 reps.......... worst bias is 0.640000%
Testing 136-bit keys ->  64-bit hashes,   300000 reps.......... worst bias is 0.712000%
Testing 144-bit keys ->  64-bit hashes,   300000 reps.......... worst bias is 0.894667%
Testing 152-bit keys ->  64-bit hashes,   300000 reps.......... worst bias is 0.730667%


Input vcode 0x00000001, Output vcode 0x00000001, Result vcode 0x00000001
Verification value is 0x00000001 - Testing took 107.828068 seconds
-------------------------------------------------------------------------------
