-------------------------------------------------------------------------------
--- Testing Funny32 "FunnyHash for x86, 32-bit"

[[[ Avalanche Tests ]]]

Testing  24-bit keys ->  32-bit hashes,   300000 reps.......... worst bias is 0.582000%
Testing  32-bit keys ->  32-bit hashes,   300000 reps.......... worst bias is 0.590000%
Testing  40-bit keys ->  32-bit hashes,   300000 reps.......... worst bias is 0.728667%
Testing  48-bit keys ->  32-bit hashes,   300000 reps.......... worst bias is 0.767333%
Testing  56-bit keys ->  32-bit hashes,   300000 reps.......... worst bias is 0.692000%
Testing  64-bit keys ->  32-bit hashes,   300000 reps.......... worst bias is 0.644667%
Testing  72-bit keys ->  32-bit hashes,   300000 reps.......... worst bias is 0.670667%
Testing  80-bit keys ->  32-bit hashes,   300000 reps.......... worst bias is 0.686000%
Testing  88-bit keys ->  32-bit hashes,   300000 reps.......... worst bias is 0.696000%
Testing  96-bit keys ->  32-bit hashes,   300000 reps.......... worst bias is 0.635333%
Testing 104-bit keys ->  32-bit hashes,   300000 reps.......... worst bias is 0.675333%
Testing 112-bit keys ->  32-bit hashes,   300000 reps.......... worst bias is 0.674667%
Testing 120-bit keys ->  32-bit hashes,   300000 reps.......... worst bias is 0.641333%
Testing 128-bit keys ->  32-bit hashes,   300000 reps.......... worst bias is 0.764667%
Testing 136-bit keys ->  32-bit hashes,   300000 reps.......... worst bias is 0.721333%
Testing 144-bit keys ->  32-bit hashes,   300000 reps.......... worst bias is 0.773333%
Testing 152-bit keys ->  32-bit hashes,   300000 reps.......... worst bias is 0.632000%


Input vcode 0x82bb3ce7, Output vcode 0x37990ff1, Result vcode 0x00000001
Verification value is 0x00000001 - Testing took 91.848059 seconds
-------------------------------------------------------------------------------
