-------------------------------------------------------------------------------
--- Testing Funny64 "FunnyHash for x86, 64-bit"

[[[ Avalanche Tests ]]]

Testing  24-bit keys ->  64-bit hashes,   300000 reps.......... worst bias is 0.713333%
Testing  32-bit keys ->  64-bit hashes,   300000 reps.......... worst bias is 0.616667%
Testing  40-bit keys ->  64-bit hashes,   300000 reps.......... worst bias is 0.628000%
Testing  48-bit keys ->  64-bit hashes,   300000 reps.......... worst bias is 0.671333%
Testing  56-bit keys ->  64-bit hashes,   300000 reps.......... worst bias is 0.753333%
Testing  64-bit keys ->  64-bit hashes,   300000 reps.......... worst bias is 0.758000%
Testing  72-bit keys ->  64-bit hashes,   300000 reps.......... worst bias is 0.674000%
Testing  80-bit keys ->  64-bit hashes,   300000 reps.......... worst bias is 0.692000%
Testing  88-bit keys ->  64-bit hashes,   300000 reps.......... worst bias is 0.732667%
Testing  96-bit keys ->  64-bit hashes,   300000 reps.......... worst bias is 0.656000%
Testing 104-bit keys ->  64-bit hashes,   300000 reps.......... worst bias is 0.733333%
Testing 112-bit keys ->  64-bit hashes,   300000 reps.......... worst bias is 0.641333%
Testing 120-bit keys ->  64-bit hashes,   300000 reps.......... worst bias is 0.758000%
Testing 128-bit keys ->  64-bit hashes,   300000 reps.......... worst bias is 0.816000%
Testing 136-bit keys ->  64-bit hashes,   300000 reps.......... worst bias is 0.703333%
Testing 144-bit keys ->  64-bit hashes,   300000 reps.......... worst bias is 0.703333%
Testing 152-bit keys ->  64-bit hashes,   300000 reps.......... worst bias is 0.742667%


Input vcode 0x00000001, Output vcode 0x00000001, Result vcode 0x00000001
Verification value is 0x00000001 - Testing took 107.586419 seconds
-------------------------------------------------------------------------------
