-------------------------------------------------------------------------------
--- Testing Funny64 "FunnyHash for x86, 64-bit"

[[[ Avalanche Tests ]]]

Testing  24-bit keys ->  64-bit hashes,   300000 reps.......... worst bias is 0.597333%
Testing  32-bit keys ->  64-bit hashes,   300000 reps.......... worst bias is 0.604000%
Testing  40-bit keys ->  64-bit hashes,   300000 reps.......... worst bias is 0.602667%
Testing  48-bit keys ->  64-bit hashes,   300000 reps.......... worst bias is 0.692000%
Testing  56-bit keys ->  64-bit hashes,   300000 reps.......... worst bias is 0.686667%
Testing  64-bit keys ->  64-bit hashes,   300000 reps.......... worst bias is 0.794667%
Testing  72-bit keys ->  64-bit hashes,   300000 reps.......... worst bias is 0.663333%
Testing  80-bit keys ->  64-bit hashes,   300000 reps.......... worst bias is 0.863333%
Testing  88-bit keys ->  64-bit hashes,   300000 reps.......... worst bias is 0.711333%
Testing  96-bit keys ->  64-bit hashes,   300000 reps.......... worst bias is 0.658667%
Testing 104-bit keys ->  64-bit hashes,   300000 reps.......... worst bias is 0.717333%
Testing 112-bit keys ->  64-bit hashes,   300000 reps.......... worst bias is 0.728667%
Testing 120-bit keys ->  64-bit hashes,   300000 reps.......... worst bias is 0.806000%
Testing 128-bit keys ->  64-bit hashes,   300000 reps.......... worst bias is 0.636000%
Testing 136-bit keys ->  64-bit hashes,   300000 reps.......... worst bias is 0.706667%
Testing 144-bit keys ->  64-bit hashes,   300000 reps.......... worst bias is 0.634667%
Testing 152-bit keys ->  64-bit hashes,   300000 reps.......... worst bias is 0.720000%


Input vcode 0x00000001, Output vcode 0x00000001, Result vcode 0x00000001
Verification value is 0x00000001 - Testing took 160.575075 seconds
-------------------------------------------------------------------------------
